			   University of Guadalajara 
		  Information Sistems General Coordination.
			  Culture and Entertainment Web
				 
 June 12th 1995
Copyright(C)1995-1996

*****************************************************************************
*     Este tutorial foi traduzido para o Portuguęs por Jeferson Amaral.     *
*                       e-mail: amaral@inf.ufsm.br                          *
*****************************************************************************

        Este tutorial tem o intuito de apenas introduzir o leitor ao mundo
da programacao em Linguagem Assembly, nao tem, portanto e de forma alguma,
plano de esgotar o assunto.

Copyright (C) 1995-1996, Hugo Perez Perez.
Anyone  may  reproduce  this document,  in  whole  or  in  part,
provided  that:

(1) any copy or republication of the entire document must show University of
    Guadalajara as the source, and must include this notice; and
(2) any other use of this material must reference this manual and University
    of Guadalajara, and the fact that the material is copyright by Hugo Perez
    and is used by permission.

****************************************************************************

          T U T O R I A L   D E   L I N G U A G E M   A S S E M B L Y
          ---------------   ---   -----------------   ---------------

                                  Conteúdo:

           1.Introduçăo 
           2.Conceitos Básicos
           3.Programaçăo Assembly 
           4.Instruçőes Assembly
           5.Interrupçőes e geręncia de arquivos
           6.Macros e procedimentos 
           7.Exemplos de programas
           8.Bibliografia
 
 
*****************************************************************************

                           CAPÍTULO 1: INTRODUÇĂO

Conteúdo:

1.1.O que há de novo neste material
1.2.Apresentaçăo
1.3.Por que aprender Assembly?
1.4.Nós precisamos da sua opiniăo

                    --------------- // ---------------

1.1.O que há de novo neste material:

Após um ano da realizaçăo da primeira versăo do tutorial, e através das
opiniőes recebidas por e-mail, resolvemos ter por disposiçăo todos estes
comentários e sugestőes. Esperamos que através deste novo material Assembly,
as pessoas que se mostrarem interessadas possam aprender mais sobre o seu
IBM PC. Esta nova ediçăo do tutorial inclui:

Uma seçăo completa sobre como usar o programa debug.
Mais exemplos de programas.
Um motor de pesquisa, para qualquer tópico ou item relacionado ŕ esta
nova versăo.
Considerável reorganizaçăo e revisăo do material Assembly.
Em cada seçăo, há um link para o Dicionário On-line de Computaçăo de
Dennis Howe.


1.2.Apresentaçăo:

Este tutorial destina-se ŕquelas pessoas que nunca tiveram contato com a
Linguagem Assembly.

O tutorial está completamente focado em computadores com processadores 80x86
da família Intel, e considerando que a base da linguagem é o funcionamento
dos recursos internos do processador, os exemplos descritos năo săo
compatíveis com qualquer outra arquitetura.

As informaçőes estăo dispostas em unidades ordenadas para permitir fácil
acesso a cada tópico, bem como uma melhor navegaçăo pelo tutorial.

Na seçăo introdutória săo mencionados alguns conceitos elementares sobre
computadores e a Linguagem Assembly em si.


1.3.Por que aprender Assembly?

A primeira razăo para se trabalhar com o assembler é a oportunidade de
conhecer melhor o funcionamento do seu PC, o que permite o desenvolvimento
de programas de forma mais consistente.

A segunda razăo é que vocę pode ter um controle total sobre o PC ao fazer
uso do assembler.

Uma outra razăo é que programas assembly săo mais rápidos, menores e mais
poderosos do que os criados com outras linguagens.

Ultimamente, o assembler (montador) permite uma otimizaçăo ideal nos
programas, seja no seu tamanho ou execuçăo.

                              
1.4.Nós precisamos da sua opiniăo:

Nosso intuito é oferecer um modo simples para que vocę consiga aprender
Assembly por si mesmo. Por tanto, qualquer comentário ou sugestăo será
bem-vinda.
                           

*****************************************************************************

                           CAPÍTULO 2: CONCEITOS BÁSICOS
 Conteúdo:

 2.1.Descriçăo básica de um sistema computacional.
 2.2.Conceitos básicos da Linguagem Assembly
 2.3.Usando o programa debug

			--------------- // ---------------
                             
Esta seçăo tem o propósito de fazer um breve comentário a respeito dos
principais componentes de um sistema computacional, o que irá permitir ao
usuário uma melhor compreensăo dos conceitos propostos no decorrer do
tutorial.

      
2.1.DESCRIÇĂO DE UM SISTEMA COMPUTACIONAL
                             
Conteúdo:

2.1.1.Processador Central
2.1.2.Memória Principal
2.1.3.Unidades de Entrada e Saída
2.1.4.Unidades de Memória Auxiliar
                                   

Sistema Computacional.

Chamamos de Sistema Computacional a completa configuraçăo de um computador,
incluindo os periféricos e o sistema operacional.

                                   
2.1.1.Processador Central.

É também conhecido por CPU ou Unidade Central de Processamento, que por sua
vez é composta pela unidade de controle e unidade de lógica e aritmética.
Sua funçăo consiste na leitura e escrita do conteúdo das células de memória,
regular o tráfego de dados entre as células de memória e registradores
especiais, e decodificar e executar as instruçőes de um programa.

O processador tem uma série de células de memória usadas com freqüęncia e,
dessa forma, săo partes da CPU. Estas células săo conhecidas com o nome de
registradores. Um processador de um PC possui cerca de 14 registradores.
Como os PCs tem sofrido evoluçăo veremos que podemos manipular registradores
de 16 ou 32 bits.

A unidade de lógica e aritmética da CPU realiza as operaçőes relacionadas ao
cálculo simbólico e numérico. Tipicamente estas unidades apenas săo capazes
de realizar operaçőes elementares, tais como: adiçăo e subtraçăo de dois
números inteiros, multiplicaçăo e divisăo de número inteiro, manuseio de
bits de registradores e comparaçăo do conteúdo de dois registradores.

Computadores pessoais podem ser classificados pelo que é conhecido como
tamanho da palavra, isto é, a quantidade de bits que o processador é capaz
de manusear de uma só vez.

                              
2.1.2.Memória Principal.

É um grupo de células, agora sendo fabricada com semi-condutores, usada para
processamentos gerais, tais como a execuçăo de programas e o armazenamento
de informaçőes para operaçőes.

Cada uma das células pode conter um valor numérico e é capaz de ser
endereçada, isto é, pode ser identificada de forma singular em relaçăo ŕs
outras células pelo uso de um número ou endereço.

O nome genérico destas memórias é Random Access Memory ou RAM. A principal
desvantagem deste tipo de memória é o fato de que seus circuitos integrados
perdem a informaçăo que armazenavam quando a energia elétrica for
interrompida, ou seja, ela é volátil. Este foi o motivo que levou ŕ criaçăo
de um outro tipo de memória cuja informaçăo năo é perdida quando o sistema é
desligado. Estas memórias receberam o nome de Read Only Memory ou ROM.


2.1.3.Unidades de Entrada e Saída.

Para que o computador possa ser útil para nós se faz necessário que o
processador se comunique com o exterior através de interfaces que permitem a
entrada e a saída de informaçăo entre ele e a memória. Através do uso destas
comunicaçőes é possível introduzir informaçăo a ser processada e mais tarde
visualizar os dados processados.

Algumas das mais comuns unidades de entrada săo o teclado e o mouse. As mais
comuns unidades de saída săo a tela do monitor e a impressora.

                              
2.1.4.Unidades de Memória Auxiliar.

Considerando o alto custo da memória principal e também o tamanho das
aplicaçőes atualmente, vemos que ela é muito limitada. Logo, surgiu a
necessidade da criaçăo de dispositivos de armazenamento práticos e
econômicos.

Estes e outros inconvenientes deram lugar ŕs unidades de memória auxiliar,
periféricos. As mais comuns săo as fitas e os discos magnéticos.

A informaçăo ali armazenada será dividida em arquivos. Um arquivo é feito de
um número variável de registros, geralmente de tamanho fixo, podendo conter
informaçăo ou programas.


			--------------- // ---------------
                                   
2.2.CONCEITOS BÁSICOS

Conteúdo:

2.2.1.Informaçőes nos computadores
2.2.2.Métodos de representaçăo de dados
                                   

2.2.1.Informaçăo no computador:

	2.2.1.1.Unidades de informaçăo
	2.2.1.2.Sistemas numéricos
	2.2.1.3.Convertendo números binários para decimais
	2.2.1.4.Convertendo números decimais para binários
	2.2.1.5.Sistema hexadecimal

                                   

2.2.1.1.Unidades de informaçăo

Para o PC processar a informaçăo, é necessário que ela esteja em células
especiais, chamadas registradores.

Os registradores săo grupos de 8 ou 16 flip-flops.

Um flip-flop é um dispositivo capaz de armazenar 2 níveis de voltagem, um
baixo, geralmente 0.5 volts, e outro comumente de 5 volts. O nível baixo de
energia no flip-flop é interpretado como desligado ou 0, e o nível alto,
como ligado ou 1. Estes estados săo geralmente conhecidos como bits, que săo
a menor unidade de informaçăo num computador.

Um grupo de 16 bits é conhecido como palavra; uma palavra pode ser dividida
em grupos de 8 bits chamados bytes, e grupos de 4 bits chamados nibbles.



2.2.1.2.Sistemas numéricos

O sistema numérico que nós usamos diariamente é o decimal, mas este sistema
năo é conveniente para máquinas, pois ali as informaçőes tęm que ser
codificadas de modo a interpretar os estados da corrente (ligado-desligado);
este modo de código faz com que tenhamos que conhecer o cálculo posicional
que nos permitirá expressar um número em qualquer base onde precisarmos
dele.

É possível representar um determinado número em qualquer base através da
seguinte fórmula:

                                   
Onde n é a posiçăo do dígito, iniciando da direita para a esquerda e
numerando de 0. D é o dígito sobre o qual nós operamos e B é a base numérica
usada.

                             
2.2.1.3.Convertendo números binários para decimais

Quando trabalhamos com a Linguagem Assembly encontramos por acaso a
necessidade de converter números de um sistema binário, que é usado em
computadores, para o sistema decimal usado pelas pessoas.

O sistema binário é baseado em apenas duas condiçőes ou estados, estar
ligado(1), ou desligado(0), portanto sua base é dois.

Para a conversăo, podemos usar a fórmula de valor posicional:

Por exemplo, se tivermos o número binário 10011, tomamos cada dígito da
direita para a esquerda e o multiplicamos pela base, elevando ŕ potęncia
correspondente ŕ sua posiçăo relativa:

Binary:         1         1       0       0       1

Decimal:       1*2^0  + 1*2^1 + 0*2^2 + 0*2^3 + 1*2^4

            =   1     +   2   +   0   +   0   +  16  = 19 decimal.

O caracter ^ é usado em computaçăo como símbolo para potęncia e * para a
multiplicaçăo.


2.2.1.4.Convertendo números decimais para binário

Há vários métodos para se converter números decimais para binário; apenas um
será analizado aqui. Naturalmente a conversăo com uma calculadora científica
é muito mais fácil, mas nem sempre podemos contar com isso, logo o mais
conveniente é, ao menos, sabermos uma fórmula para fazę-la.

O método resume-se na aplicaçăo de divisőes sucessivas por 2, mantendo o
resto como o dígito binário e o resultado como o próximo número a ser
dividido.

Tomemos como exemplo o número decimal 43.

43/2=21 e o resto é 1; 21/2=10 e o resto é 1; 10/2=5 e o resto é 0;
5/2=2 e o resto é 1; 2/2=1 e o resto é 0; 1/2=0 e o resto é 1.

Para construir o equivalente binário de 43, vamos pegar os restos obtidos de
baixo para cima, assim temos 101011.


2.2.1.5.Sistema hexadecimal

Na base hexadecimal temos 16 dígitos, que văo de 0 a 9 e da letra A até a F,
estas letras representam os números de 10 a 15. Portanto contamos:
0,1,2,3,4,5,6,7,8,9,A,B,C,D,E, e F.

A conversăo entre números binários e hexadecimais é fácil. A primeira coisa
a fazer é dividir o número binário em grupos de 4 bits, começando da direita
para a esquerda. Se no grupo mais ŕ direita sobrarem dígitos, completamos
com zeros.

Tomando como exemplo o número binário 101011, vamos dividi-lo em grupos de 4
bits:

10;1011

Preenchendo o último grupo com zeros (o um mais ŕ esquerda):

0010;1011

A seguir, tomamos cada grupo como um número independente e consideramos o
seu valor decimal:

0010=2;1011=11

Entretanto, observa-se que năo podemos representar este número como 211,
isto seria um erro, uma vez que os números em hexa maiores que 9 e menores
que 16 săo representados pelas letras A,B,...,F. Logo, obtemos como
resultado:

2Bh, onde o "h" representa a base hexadecimal.

Para a conversăo de um número hexadecimal em binário é apenas necessário
inverter os passos: tomamos o primeiro dígito hexadecimal e o convertemos
para binário, a seguir o segundo, e assim por diante.

                                   
			--------------- // ---------------


2.2.2.Métodos de representaçăo de dados num computador.

	2.2.2.1.Código ASCII
	2.2.2.2.Método BCD
	2.2.2.3.Representaçăo de ponto flutuante

                            

2.2.2.1.Código ASCII

ASCII significa American Standard Code for Information Interchange. Este
código contém as letras do alfabeto, dígitos decimais de 0 a 9 e alguns
símbolos adicionais como um número binário de 7 bits, tendo o oitavo bit em
0, ou seja, desligado.

Deste modo, cada letra, dígito ou caracter especial ocupa 1 byte na memória
do computador.

Podemos observar que este método de representaçăo de dados é muito
ineficiente no aspecto numérico, uma vez que no formato binário 1 byte năo é
suficiente para representar números de 0 a 255, com o ASCII podemos
representar apenas um dígito.

Devido a esta ineficięncia, o código ASCII é usado, principalmente, para a
representaçăo de textos.


                                
2.2.2.2.Método BCD

BCD significa Binary Coded Decimal.

Neste método grupos de 4 bits săo usados para representar cada dígito
decimal de 0 a 9. Com este método podemos representar 2 dígitos por byte de
informaçăo.

Vemos que este método vem a ser muito mais prático para representaçăo
numérica do que o código ASCII. Embora ainda menos prático do que o binário,
com o método BCD podemos representar dígitos de 0 a 99. Com o binário, vemos
que o alcance é maior, de 0 a 255.

Este formato (BCD) é principalmente usado na representaçăo de números
grandes, aplicaçőes comerciais, devido ŕs suas facilidades de operaçăo.

                                 
2.2.2.3.Representaçăo de ponto flutuante

Esta representaçăo é baseada em notaçăo científica, isto é, representar um
número em 2 partes: sua base e seu expoente.

Por exemplo o número decimal 1234000, é representado como 1.234*10^6,
observamos que o expoente irá indicar o número de casas que o ponto decimal
deve ser movido para a direita, a fim de obtermos o número original.

O expoente negativo, por outro lado, indica o número de casas que o ponto
decimal deve se locomover para a esquerda.

    

			--------------- // ---------------

2.3.PROGRAMA DEBUG
                   
Conteúdo:

2.3.1.Processo de criaçăo de programas
2.3.2.Registradores da CPU
2.3.3.Programa debug
2.3.4.Estrutura Assembly
2.3.5.Criando um programa assembly simples
2.3.6.Armazenando e carregando os programas

                                   

2.3.1.Processo de criaçăo de programas.

Para a criaçăo de programas săo necessários os seguintes passos:

   * Desenvolvimento do algoritmo, estágio em que o problema a ser
     solucionado é estabelecido e a melhor soluçăo é proposta, criaçăo de
     diagramas esquemáticos relativos ŕ melhor soluçăo proposta.
   * Codificaçăo do algoritmo, o que consiste em escrever o programa
     em alguma linguagem de programaçăo; linguagem assembly neste caso
     específico, tomando como base a soluçăo proposta no passo anterior.
   * A transformaçăo para a linguagem de máquina, ou seja, a criaçăo
     do programa objeto, escrito como uma seqüęncia de zeros e uns que podem
     ser interpretados pelo processador.
   * O último estágio é a eliminaçăo de erros detectados no programa
     na fase de teste. A correçăo normalmente requer a repetiçăo de todos os
     passos, com observaçăo atenta.


              
2.3.2.Registradores da CPU.

Para o propósito didático, vamos focar registradores de 16 bits. A CPU
possui 4 registradores internos, cada um de 16 bits. Săo eles AX, BX, CX e
DX. Săo registradores de uso geral e também podem ser usados como
registradores de 8 bits. Para tanto devemos referenciá-los como, por
exemplo, AH e AL, que săo, respectivamente, o byte high e o low do
registrador AX. Esta nomenclatura também se aplica para os registradores BX,
CX e DX.

Os registradores, segundo seus respectivos nomes:

 AX Registrador Acumulador
 BX Registrador Base
 CX Registrador Contador
 DX Registrador de Dados
 DS Registrador de Segmento de Dados
 ES Registrador de Segmento Extra
 SS Registrador de Segmento de Pilha
 CS Registrador de Segmento de Código
 BP Registrador Apontador da Base
 SI Registrador de Índice Fonte
 DI Registrador de Índice Destino
 SP Registrador Apontador de Pilha
 IP Registrador Apontador da Próxima Instruçăo
 F Registrador de Flag


                         
2.3.3.Programa Debug.

Para a criaçăo de um programa em assembler existem 2 opçőes: usar o TASM -
Turbo Assembler da Borland, ou o DEBUGGER. Nesta primeira seçăo vamos usar o
debug, uma vez que podemos encontrá-lo em qualquer PC com o MS-DOS.

Debug pode apenas criar arquivos com a extensăo .COM, e por causa das
características deste tipo de programa, eles năo podem exceder os 64 Kb, e
também devem iniciar no endereço de memória 0100H dentro do segmento
específico. É importante observar isso, pois deste modo os programas .COM
năo săo relocáveis.

Os principais comandos do programa debug săo:

A Montar instruçőes simbólicas em código de máquina
D Mostrar o conteúdo de uma área da memória
E Entrar dados na memória, iniciando num endereço específico
G Rodar um programa executável na memória
N Dar nome a um programa
P Proceder, ou executar um conjunto de instruçőes relacionadas
Q Sair do programa debug
R Mostrar o conteúdo de um ou mais registradores
T Executar passo a passo as instruçőes
U Desmontar o código de máquina em instruçőes simbólicas
W Gravar um programa em disco

É possível visualizar os valores dos registradores internos da CPU usando o
programa Debug. Debug é um programa que faz parte do pacote do DOS, e pode
ser encontrado normalmente no diretório C:\DOS. Para iniciá-lo, basta
digitar Debug na linha de comando:

C:/>Debug [Enter]
-

Vocę notará entăo a presença de um hífen no canto inferior esquerdo da tela.
Năo se espante, este é o prompt do programa. Para visualizar o conteúdo dos
registradores, experimente:

-r[Enter]

AX=0000  BX=0000  CX=0000  DX=0000  SP=FFEE  BP=0000  SI=0000  DI=0000
DS=0D62  ES=0D62  SS=0D62  CS=0D62  IP=0100   NV UP EI PL NZ NA PO NC
0D62:0100 2E            CS:
0D62:0101 803ED3DF00    CMP     BYTE PTR [DFD3],00                 CS:DFD3=03

É mostrado o conteúdo de todos os registradores internos da CPU; um modo
alternativo para visualizar um único registrador é usar o camando "r"
seguido do parâmetro que faz referęncia ao nome do registrador:

-rbx
BX 0000
:

Esta instruçăo mostrará o conteúdo do registrador BX e mudará o indicador do
Debug de "-" para ":"

Quando o prompt assim se tornar, significa que é possível, embora năo
obrigatória, a mudança do valor contido no registrador, bastando digitar o
novo valor e pressionar [Enter]. Se vocę simplesmente pressionar [Enter] o
valor antigo se mantém.


2.3.4.Estrutura Assembly.

Nas linhas do código em Linguagem Assembly há duas partes: a primeira é o
nome da instruçăo a ser executada; a segunda, os parâmetros do comando. Por
exemplo:

add ah bh

Aqui "add" é o comando a ser executado, neste caso uma adiçăo, e "ah" bem
como "bh" săo os parâmetros.

Por exemplo:

mov al, 25

No exemplo acima, estamos usando a instruçăo mov, que significa mover o
valor 25 para o registrador al.

O nome das instruçőes nesta linguagem é constituído de 2, 3 ou 4 letras.
Estas instruçőes săo chamadas mnemônicos ou códigos de operaçăo,
representando a funçăo que o processador executará.

Ŕs vezes instruçőes aparecem assim:

add al,[170]

Os colchetes no segundo parâmetro indica-nos que vamos trabalhar com o
conteúdo da célula de memória de número 170, ou seja, com o valor contido no
endereço 170 da memória e năo com o valor 170, isto é conhecido como
"endereçamento direto".


                                   
2.3.5.Criando um programa simples em assembly.

Năo nos responsabilizaremos pela má execuçăo ou possíveis danos causados por
quaisquer exemplos que de agora em diante aparecerăo, uma vez que os mesmos,
apesar de testados, săo de caráter didático. Vamos, entăo, criar um programa
para ilustrar o que vimos até agora. Adicionaremos dois valores:

O primeiro passo é iniciar o Debug, o que já vimos como fazer anteriormente.

Para montar um programa no Debug, é usado o comando "a" (assemble); quando
usamos este comando, podemos especificar um endereço inicial para o nosso
programa como o parâmetro, mas é opcional. No caso de omissăo, o endereço
inicial é o especificado pelos registradores CS:IP, geralmente 0100h, o
local em que programas com extensăo .COM devem iniciar. E será este o local
que usaremos, uma vez que o Debug só pode criar este tipo de programa.

Embora neste momento năo seja necessário darmos um parâmetro ao comando "a",
isso é recomendável para evitar problemas, logo:

a 100[enter]
mov ax,0002[enter]
mov bx,0004[enter]
add ax,bx[enter]
nop[enter][enter]

O que o programa faz? Move o valor 0002 para o registrador ax, move o valor
0004 para o registrador bx, adiciona o conteúdo dos registradores ax e bx,
guardando o resultado em ax e finalmente a instruçăo nop (nenhuma operaçăo)
finaliza o programa.

No programa debug, a tela se parecerá com:

C:\>debug
-a 100
0D62:0100 mov ax,0002
0D62:0103 mov bx,0004
0D62:0106 add ax,bx
0D62:0108 nop
0D62:0109

Entramos com o comando "t" para executar passo a passo as instruçőes:

-t

AX=0002  BX=0000  CX=0000  DX=0000  SP=FFEE  BP=0000  SI=0000  DI=0000
DS=0D62  ES=0D62  SS=0D62  CS=0D62  IP=0103   NV UP EI PL NZ NA PO NC
0D62:0103 BB0400        MOV     BX,0004

Vemos o valor 0002 no registrador AX. Teclamos "t" para executar a segunda
instruçăo:

-t

AX=0002  BX=0004  CX=0000  DX=0000  SP=FFEE  BP=0000  SI=0000  DI=0000
DS=0D62  ES=0D62  SS=0D62  CS=0D62  IP=0106   NV UP EI PL NZ NA PO NC
0D62:0106 01D8          ADD     AX,BX

Teclando "t" novamente para ver o resultado da instruçăo add:

-t

AX=0006  BX=0004  CX=0000  DX=0000  SP=FFEE  BP=0000  SI=0000  DI=0000
DS=0D62  ES=0D62  SS=0D62  CS=0D62  IP=0108   NV UP EI PL NZ NA PE NC
0D62:0108 90            NOP

A possibilidade dos registradores conterem valores diferentes existe, mas AX
e BX devem conter os mesmos valores acima descritos.

Para sair do Debug usamos o comando "q" (quit).

                                   

2.3.6.Armazenando e carregando os programas.

Năo seria prático ter que digitar o programa cada vez que iniciássemos o
Debug. Ao invés disso, podemos armazená-lo no disco. Só que o mais
interessante nisso é que um simples comando de salvar cria um arquivo com a
extensăo .COM, ou seja, executável - sem precisarmos efetuar os processos de
montagem e ligaçăo, como veremos posteriormente com o TASM.

Eis os passos para salvar um programa que já esteja na memória:

      * Obter o tamnho do programa subtraindo o endereço final do
        endereço inicial, naturalmente que no sistema hexadecimal.
      * Dar um nome ao programa.
      * Colocar o tamanho do programa no registrador CX.
      * Mandar o debug gravar o programa em disco.

Usando como exemplo o seguinte programa, vamos clarear a idéia de como
realizar os passos acima descritos:

0C1B:0100 mov ax,0002
0C1B:0103 mov bx,0004
0C1B:0106 add ax,bx
0C1B:0108 int 20
0C1B:010A

Para obter o tamanho de um programa, o comando "h" é usado, já que ele nos
mostra a adiçăo e subtraçăo de dois números em hexadecimal. Para obter o
tamanho do programa em questăo, damos como parâmetro o valor do endereço
final do nosso programa (10A), e o endereço inicial (100). O primeiro
resultado mostra-nos a soma dos endereços, o segundo, a subtraçăo.

-h 10a 100
020a 000a

O comando "n" permite-nos nomear o programa.

-n test.com

O comando "rcx" permite-nos mudar o conteúdo do registrador CX para o valor
obtido como tamanho do arquivo com o comando "h", neste caso 000a.

-rcx
CX 0000
:000a

Finalmente, o comando "w" grava nosso programa no disco, indicando quantos
bytes gravou.

-w
Writing 000A bytes

Para já salvar um arquivo quando carregá-lo, 2 passos săo necessários:

      Dar o nome do arquivo a ser carregado.
      Carregá-lo usando o comando "l" (load).

Para obter o resultado correto destes passos, é necessário que o programa
acima já esteja criado.

Dentro do Debug, escrevemos o seguinte:

-n test.com
-l
-u 100 109
0C3D:0100 B80200 MOV AX,0002
0C3D:0103 BB0400 MOV BX,0004
0C3D:0106 01D8 ADD AX,BX
0C3D:0108 CD20 INT 20

O último comando "u" é usado para verificar que o programa foi carregado na
memória. O que ele faz é desmontar o código e mostrá-lo em assembly. Os
parâmetros indicam ao Debug os endereços inicial e final a serem
desmontados.

O Debug sempre carrega os programas na memória no endereço 100h, conforme já
comentamos.


*****************************************************************************

                           CAPÍTULO 3: PROGRAMAÇĂO ASSEMBLY
                         
Conteúdo:

3.1.Construindo programas em Assembly
3.2.Processo Assembly
3.3.Pequenos programas em Assembly
3.4.Tipos de instruçőes

			--------------- // ---------------
                             
3.1.Construindo programas em Assembly.

3.1.1.Software necessário
3.1.2.Programaçăo Assembly

                       
3.1.1.SOFTWARE NECESSÁRIO

Para que possamos criar um programa, precisamos de algumas ferramentas:

Primeiro de um editor para criar o programa fonte. Segundo de um montador,
um programa que irá transformar nosso fonte num programa objeto. E,
terceiro, de um linker (ligador) que irá gerar o programa executável a
partir do programa objeto.

O editor pode ser qualquer um que dispusermos. O montador será o TASM macro
assembler da Borland, e o linker será o TLINK, também da Borland.

Nós devemos criar os programas fonte com a extensăo .ASM para que o TASM
reconheça e o transforme no programa objeto, um "formato intermediário" do
programa, assim chamado porque ainda năo é um programa executável e tăo
pouco um programa fonte. O linker gera a partir de um programa .OBJ, ou da
combinaçăo de vários deles, um programa executável, cuja extensăo é
normalmente .EXE, embora possa ser .COM dependendo da forma como for montado
e ligado.

                                   
3.1.2.PROGRAMAÇĂO ASSEMBLY

Para construirmos os programas com o TASM, devemos estruturar o fonte de
forma diferenciada ao que fazíamos com o programa debug.

É importante incluir as seguintes diretivas assembly:

.MODEL SMALL
Define o melo de memória a usar em nosso programa

.CODE
Define as instruçőes do programa, relacionado ao segmento de código

.STACK
Reserva espaço de memória para as instruçőes de programa na pilha

END
Finaliza um programa assembly

Vamos programar

Primeiro passo

Use qualquer editor para criar o programa fonte. Entre com as seguintes
linhas:

Primeiro exemplo

; use ; para fazer comentários em programas assembly
.MODEL SMALL ;modelo de memória
.STACK       ;espaço de memória para instruçőes do programa na pilha
.CODE        ;as linhas seguintes săo instruçőes do programa
  mov ah,01h ;move o valor 01h para o registrador ah
  mov cx,07h ;move o valor 07h para o registrador cx
  int 10h    ;interrupçăo 10h
  mov ah,4ch ;move o valor 4ch para o registrador ah
  int 21h    ;interrupçăo 21h
END          ;finaliza o código do programa

Este programa assembly muda o tamanho do cursor.

Segundo passo

Salvar o arquivo com o seguinte nome: exam1.asm
Năo esquecer de salvá-lo no formato ASCII.

Terceiro passo

Usar o programa TASM para construir o programa objeto.

Exemplo:

C:\>tasm exam1.asm
Turbo Assembler  Version 2.0  Copyright (c) 1988, 1990 Borland International

Assembling file:   exam1.asm
Error messages:    None
Warning messages:  None
Passes:            1
Remaining memory:  471k

O TASM só pode criar programas no formato .OBJ, que ainda năo pode ser
executado...

Quarto passo

Usar o programa TLINK para criar o programa executável.

Exemplo:

C:\>tlink exam1.obj
Turbo Link  Version 3.0 Copyright (c) 1987, 1990 Borland International

C:\>

Onde exam1.obj é o nome do programa intermediário, .OBJ. O comando acima
gera diretamente o arquivo com o nome do programa intermediário e a extensăo
.EXE. É opcional a colocaçăo da extensăo .obj no comando.

Quinto passo

Executar o programa executável criado.

C:\>exam1[enter]

Lembre-se, este programa assembly muda o tamanho do cursor no DOS.


			--------------- // ---------------
                          
3.2.Processo Assembly.

3.2.1.Segmentos
3.2.2.Tabela de equivalęncia

                                 
3.2.1.SEGMENTOS

A arquitetura dos processadores x86 força-nos a usar segmentos de memória
para gerenciar a informaçăo, o tamanho destes segmentos é de 64Kb.

A razăo de ser destes segmentos é que, considerando que o tamanho máximo de
um número que o processador pode gerenciar é dado por uma palavra de 16 bits
ou registrador, assim năo seria possível acessar mais do que 65536 locais da
memória usando apenas um destes registradores. Mas agora, se a memória do PC
é dividida em grupos de segmentos, cada um com 65536 locais, e podemos usar
um endereço ou registrador exclusivo para encontrar cada segmento, e ainda
fazemos cada endereço de um específico slot com dois registradores, nos é
possível acessar a quantidade de 4294967296 bytes de memória, que é,
atualmente, a maior memória que podemos instalar num PC.

Desta forma, para que o montador seja capaz de gerenciar os dados, se faz
necessário que cada informaçăo ou instruçăo se encontre na área
correspondente ao seu segmento. O endereço do segmento é fornecido ao
montador pelos registradores DS, ES, SS e CS. Lembrando um programa no
Debug, observe:

1CB0:0102 MOV AX,BX

O primeiro número 1CB0, corresponde ao segmento de memória que está sendo
usado, o segundo é uma referęncia ao endereço dentro do segmento, é um
deslocamento dentro do segmento offset.

O modo usado para indicar ao montador com quais segmentos vamos trabalhar é
fazendo uso das diretivas .CODE, .DATA e .STACK.

O montador ajusta o tamanho dos segmentos tomando como base o número de
bytes que cada instruçăo assembly precisa, já que seria um desperdício de
memória usar segmentos inteiros. Por exemplo, se um programa precisa de
apenas 10Kb para armazenar dados, o segmento de dados seria apenas de 10Kb e
năo de 64Kb, como poderia acontecer se feito manualmente.

                                   
3.2.2.TABELAS DE EQUIVALĘNCIA

Cada uma das partes numa linha de código assembly é conhecida como token,
por exemplo:

MOV AX,Var

Aqui temos tręs tokens, a instruçăo MOV, o operador AX e o operador VAR. O
que o montador faz para gerar o código OBJ é ler cada um dos tokens e
procurar a equivalęncia em código de máquina em tabelas correspondentes,
seja de palavras reservadas, tabela de códigos de operaçăo, tabela de
símbolos, tabela de literais, onde o significado dos mnemônicos e os
endereços dos símbolos que usamos serăo encontrados.

A maioria dos montadores săo de duas passagens. Em síntese na primeira
passagem temos a definiçăo dos símbolos, ou seja, săo associados endereços a
todas as instruçőes do programa. Seguindo este processo, o assembler lę MOV
e procura-o na tabela de códigos de operaçăo para encontrar seu equivalente
na linguagem de máquina. Da mesma forma ele lę AX e encontra-o na tabela
correspondente como sendo um registrador. O processo para Var é um pouco
diferenciado, o montador verifica que ela năo é uma palavra reservada, entăo
procura na tabela de símbolos, lá encontrando-a ele designa o endereço
correspondente, mas se năo encontrou ele a insere na tabela para que ela
possa receber um endereço na segunda passagem. Ainda na primeira passagem é
executado parte do processamento das diretivas, é importante notar que as
diretivas năo criam código objeto. Na passagem dois săo montadas as
instruçőes, traduzindo os códigos de operaçăo e procurando os endereços, e é
gerado o código objeto.

Há símbolos que o montador năo consegue encontrar, uma vez que podem ser
declaraçőes externas. Neste caso o linker entra em açăo para criar a
estrutura necessária a fim de ligar as diversas possíveis partes de código,
dizendo ao loader que o segmento e o token em questăo săo definidos quando o
programa é carregado e antes de ser executado.


			--------------- // ---------------
                                      
3.3.Mais programas.

Outro exemplo

Primeiro passo

Use qualquer editor e crie o seguinte:

;exemplo2
.model small
.stack
.code
 mov ah,2h  ;move o valor 2h para o registrador ah
 mov dl,2ah ;move o valor 2ah para o registrador dl
            ;(é o valor ASCII do caractere *)
 int 21h    ;interrupçăo 21h
 mov ah,4ch ;funçăo 4ch, sai para o sistema operacional
 int 21h    ;interrupçăo 21h
end         ;finaliza o programa

Segundo passo

Salvar o arquivo com o nome: exam2.asm
Năo esquecer de salvar em formato ASCII.

Terceiro passo

Usar o programa TASM para construir o programa objeto.

C:\>tasm exam2.asm
Turbo Assembler  Version 2.0  Copyright (c) 1988, 1990 Borland International

Assembling file:   exam2.asm
Error messages:    None
Warning messages:  None
Passes:            1
Remaining memory:  471k

Quarto passo

Usar o programa TLINK para criar o programa executável.

C:\>tlink exam2.obj
Turbo Link  Version 3.0 Copyright (c) 1987, 1990 Borland International

C:\>

Quinto passo

Executar o programa:

C:\>exam2[enter]
*
C:\>

Este programa imprime o caracter * na tela.

Clique aqui para obter mais programas


			--------------- // ---------------
                                      
3.4.Tipos de instruçőes.

3.4.1.Movimento de dados
3.4.2.Operaçőes lógicas e aritméticas
3.4.3.Saltos, laços e procedimentos
                                   

3.4.1.MOVIMENTO DE DADOS

Em qualquer programa há necessidade de se mover dados na memória e em
registradores da CPU; há vários modos de se fazę-lo: pode-se copiar os dados
da memória para algum registrador, de registrador para registrador, de um
registrador para a pilha, da pilha para um registrador, transmitir dados
para um dispositivo externo e vice-versa.

Este movimento de dados é sujeito a regras e restriçőes, entre elas:

*Năo é possível mover dados de um local da memória para outro diretamente; é
necessário primeiro mover o dado do local de origem para um registrador e
entăo do registrador para o local de destino.

*Năo é possível mover uma constante diretamente para um registrador de
segmento; primeiro deve-se mover para um registrador.

É possível mover blocos de dados através de instruçőes movs, que copia uma
cadeia de bytes ou palavras; movsb copia n bytes de um local para outro; e
movsw copia n palavras. A última das duas instruçőes toma os valores dos
endereços definidos por DS:SI como o grupo de dados a mover e ES:DI como a
nova localizaçăo dos dados.

Para mover dados há também estruturas chamadas pilhas, onde o dado é
introduzido com a instruçăo push e é extraído com a instruçăo pop

Numa pilha o primeiro dado a entrar é o último a sair, por exemplo:

  PUSH AX
  PUSH BX
  PUSH CX

Para retornar os valores da pilha referentes ŕ cada registrador é necessário
seguir-se a ordem:

  POP CX
  POP BX
  POP AX

Para a comunicaçăo com dispositivos externos o comando de saída é usado para
o envio de informaçőes a uma porta e o comando de entrada é usado para
receber informaçăo de uma porta.

A sintaxe do comando de saída:

OUT DX,AX

Onde DX contém o valor da porta que será usada para a comunicaçăo e AX
contém a informaçăo que será enviada.

A sintaxe do comando de entrada:

IN AX,DX

Onde AX é o registrador onde a informaçăo será armazenada e DX contém o
endereço da porta de onde chegará a informaçăo.

                                   
3.4.2.OPERAÇŐES LÓGICAS E ARITMÉTICAS

As instruçőes de operaçőes lógicas săo: and, not, or e xor. Elas trabalham a
nível de bits em seus operadores.

Para verificar o resultado das operaçőes usamos as instruçőes cmp e test.

As instruçőes usadas para operaçőes algébricas săo: para adiçăo add, para
subtraçăo sub, para multiplicaçăo mul e para divisăo div.

Quase todas as instruçőes de comparaçăo săo baseadas na informaçăo contida
no registrador de flag. Normalmente os flags do registrador que podem ser
manuseados diretamente pelo programador săo os da direçăo de dados DF, usado
para definir as operaçőes sobre cadeias. Uma outro que pode também ser
manuseado é o flag IF através das instruçőes sti e cli, para ativar e
desativar as interrupçőes.

                                   
3.4.3.SALTOS, LOOPS E PROCEDIMENTOS

Saltos incondicionais na escrita de programas em linguagem assembly săo
dados pela instruçăo jmp; um salto é usado para modificar a seqüęncia da
execuçăo das instruçőes de um programa, enviando o controle ao endereço
indicado, ou seja, o registrador contador de programa recebe este novo
endereço.

Um loop, também conhecido como interaçăo, é a repetiçăo de um processo um
certo número de vezes até atingir a condiçăo de parada.


*****************************************************************************

                           CAPÍTULO 4: INSTRUÇŐES ASSEMBLY

Conteúdo:

4.1.Instruçőes de operaçăo de dados
4.2.Instruçőes lógicas e aritméticas
4.3.Instruçőes de controle de processos

			--------------- // ---------------
         
4.1. Instruçőes de operaçăo de dados

Conteúdo:

4.1.1.Instruçőes de transferęncia
4.1.2.Instruçőes de carga
4.1.3.Instruçőes de pilha
                                   

4.1.1.Instruçőes de transferęncia.

Săo usadas para mover o conteúdo dos operadores. Cada instruçăo pode ser
usada com diferentes modos de endereçamento.

 MOV
 MOVS (MOVSB) (MOVSW)

                                  
INSTRUÇĂO MOV

Propósito: Transferęncia de dados entre células de memória, registradores e
o acumulador.

Sintaxe:

MOV Destino,Fonte

Destino é o lugar para onde o dado será movido e Fonte é o lugar onde o dado
está.

Os diferentes movimentos de dados permitidos para esta instruçăo săo:

*Destino: memória.                  Fonte: acumulador
*Destino: acumulador.               Fonte: memória
*Destino: registrador de segmento.  Fonte: memória/registrador
*Destino: memória/regitrador.       Fonte: registrador de segmento
*Destino: registrador.              Fonte: registrador
*Destino: registrador.              Fonte: memória
*Destino: memória.                  Fonte: registrador
*Destino: registrador.              Fonte: dado imediato
*Destino: memória.                  Fonte: dado imediato

Exemplo:

  MOV AX,0006h
  MOV BX,AX
  MOV AX,4C00h
  INT 21h

Este pequeno programa move o valor 0006h para o registrador AX, entăo ele
move o conteúdo de AX (0006h) para o registrador BX, e finalmente move o
valor 4C00h para o registrador AX para terminar a execuçăo com a opçăo 4C da
interrupçăo 21h.

                                   

INSTRUÇŐES MOVS (MOVSB) (MOVSW)

Propósito: Mover byte ou cadeias de palavra da fonte, endereçada por SI,
para o destino endereçado por DI.

Sintaxe:

MOVS

Este comando năo necessita de parâmetros uma vez que toma como endereço
fonte o conteúdo do registrador SI e como destino o conteúdo de DI. A
seguinte seqüęncia de instruçőes ilustra isso:

MOV SI, OFFSET VAR1
MOV DI, OFFSET VAR2
MOVS

Primeiro inicializamos os valores de SI e DI com os endereços das variáveis
VAR1 e VAR2 respectivamente, entăo após a execuçăo de MOVS o conteúdo de
VAR1 é copiado para VAR2.

As instruçőes MOVSB e MOVSW săo usadas do mesmo modo que MOVS, a primeira
move um byte e a segunda move uma palavra.

                                   
Instruçőes de carga.

Săo instruçőes específicas para registradores, usadas para carregar bytes ou
cadeias de bytes num registrador.

 LODS (LODSB) (LODSW)
 LAHF
 LDS
 LEA
 LES

                                 

 INSTRUÇŐES LODS (LODSB) (LODSW)

Propósito: Carregar cadeias de um byte ou uma palavra para o acumulador.

Sintaxe:

LODS

Esta instruçăo toma a cadeia encontrada no endereço especificado por SI, a
carrega para o registrador AL (ou AX) e adiciona ou subtrai, dependendo do
estado de DF, para SI se é uma transferęncia de bytes ou de palavras.

MOV SI, OFFSET VAR1
LODS

Na primeira linha vemos a carga do endereço de VAR1 em SI e na segunda é
tomado o conteúdo daquele local para o regiustrador AL.

Os comandos LODSB e LODSW săo usados do mesmo modo, o primeiro carrega um
byte e o segundo uma palavra (usa todo o registrador AX).

                                   

 INSTRUÇĂO LAHF

Propósito: Transferir o conteúdo dos flags para o registrador AH.

Sintaxe:

LAHF

Esta instruçăo é útil para verificar o estado dos flags durante a execuçăo
do nosso programa.

Os flags săo deixados na seguinte ordem dentro do registrador:

SF ZF ?? AF ?? PF ?? CF

O "??" significa que haverá um valor indefinido naqueles bits.

                                   

 INSTRUÇĂO LDS

Propósito: Carregar o registrador de segmento de dados.

Sintaxe:

LDS destino,fonte

O operador fonte deve ser uma double word na memória. A palavra associada
com o maior endereço é transferida para DS, em outras palavras isto é tomado
como o endereço de segmento. A palavra associada com o menor endereço é o
endereço de deslocamento e é depositada no registrador indicado como
destino.

                                   

 INSTRUÇĂO LEA

Propósito: Carregar o endereço do operador fonte.

Sintaxe:

LEA destino,fonte

O operador fonte deve estar localizado na memória, e seu deslocamento é
colocado no registrador de índice ou ponteiro especificado no destino.

Para ilustrar uma das facilidades que temos com este comando, vejamos:

MOV SI,OFFSET VAR1

É equivalente a:

LEA SI,VAR1

É muito provável que para o programador é muito mais fácil criar programas
grandes usando este último formato.

                                   

 INSTRUÇĂO LES

Propósito: Carregar o registrador de segmento extra

Sintaxe:

LES destino,fonte

O operador fonte deve ser uma palavra dupla na memória. O conteúdo da
palavra com endereço maior é interpretado como o endereço do segmento e é
colocado em ES. A palavra com endereço menor é o endereço do deslocamento e
é colocada no registrador especificado no parâmetro de destino.

                                   

 Instruçőes de manipulaçăo da pilha.

Estas instruçőes permitem usar a pilha para armazenar ou recuperar dados.

 POP
 POPF
 PUSH
 PUSHF

                                   

 INSTRUÇĂO POP

Propósito: Recuperar uma parte de informaçăo da pilha.

Sintaxe:

POP destino

Esta instruçăo transfere o último valor armazenado na pilha para o operador
de destino, e incrementa de 2 o registrador SP.

Este incremento é duplo pelo fato de que a pilha do mais alto endereço de
memória para o mais baixo, e a pilha trabalha apenas com palavras, 2 bytes,
logo deve ser 2 o incremento de SP, na realidade 2 está sendo subtraído do
tamanho real da pilha.

                                   

 INSTRUÇĂO POPF

Propósito: Extrair os flags armazenados na pilha.

Sintaxe:

POPF

Este comando transfere os bits da palavra armazenada na parte mais alta da
pilha para registrador de flag.

O modo da transferęncia é como se segue:

BIT    FLAG

  0     CF
  2     PF
  4     AF
  6     ZF
  7     SF
  8     TF
  9     IF
 10     DF
 11     OF

Os locais dos bits săo os mesmos para o uso da instruçăo PUSHF.

Uma vez feita a transferęncia o registrador SP é incrementado de 2, conforme
vimos anteriormente.

                                   

 INSTRUÇĂO PUSH

Propósito: Coloca uma palavra na pilha.

Sintaxe:

PUSH fonte

A instruçăo PUSH decrementa de dois o valor de SP e entăo transfere o
conteúdo do operador fonte para o novo endereço desultante no registrador
recém modificado.

O decremento no endereço é duplo pelo fato de que quando os valores săo
adicionados ŕ pilha, que cresce do maior para o menor endereço, logo quando
subraímos de 2 o registrador SP o que fazemos é incrementar o tamanho da
pilha em dois bytes, que é a única quantidade de informaçăo que a pilha pode
manusear em cada entrada e saída.

                                   

 INSTRUÇĂO PUSHF

Propósito: Colocar os valores dos flags na pilha.

Sintaxe:

PUSHF

Este comando decrementa de 2 o valor do registrador SP e entăo o conteúdo do
registrador de flag é transferido para a pilha, no endereço indicado por SP.

Os flags săo armazenados na memória da mesma forma que o comando POPF.


			--------------- // ---------------

         
4.2. Instruçőes lógicas e aritméticas

Conteúdo:

4.2.1.Instruçőes lógicas
4.2.2.Instruçőes aritméticas
                                  

4.2.1.Instruçőes lógicas

Săo usadas para realizar operaçőes lógicas nos operadores.

 AND
 NEG
 NOT
 OR
 TEST
 XOR

                                   
INSTRUÇĂO AND

Propósito: Realiza a conjunçăo de operadores bit a bit.

Sintaxe:

AND destino,fonte

Com esta instruçăo a operaçăo lógica "y" para ambos os operadores é usada
como na tabela:

Fonte    Destino  |   Destino
-----------------------------
  1         1     |     1
  1         0     |     0
  0         1     |     0
  0         0     |     0

O resultado desta operaçăo é armazenado no operador de destino.

                                   
INSTRUÇĂO NEG

Propósito: Gera o complemento de 2.

Sintaxe:

NEG destino

Esta instruçăo gera o complemento de 2 do operador destino e o armazena no
mesmo operador. Por exemplo, if AX armazena o valor 1234H, entăo:

NEG AX

Isto fará com o que o valor EDCCH fque armazenado no registrador AX.

                                   

 INSTRUÇĂO NOT

Propósito: Faz a negaçăo do operador de destino bit a bit.

Sintaxe:

NOT destino

O resultado é armazenado no mesmo operador de destino.

                                   

 INSTRUÇĂO OR

Propósito: Realiza um OU lógico.

Sintaxe:

OR destino,fonte

A instruçăo OR, faz uma disjunçăo lógica bit a bit dos dois operadores:

Fonte      Destino    |    Destino
-----------------------------------
   1          1       |       1
   1          0       |       1
   0          1       |       1
   0          0       |       0

                                   

 INSTRUÇĂO TEST

Propósito: Compara logicamente os operadores.

Sintaxe:

TEST destino,fonte

Realiza uma conjunçăo, bit a bit, dos operadores, mas difere da instruçăo
AND, uma vez que năo coloca o resultado no operador de destino. Tem efeito
sobre o registrador de flag.

                                   

 INSTRUÇĂO XOR

Propósito: Realiza um OU exclusivo.

Sintaxe:

XOR destino,fonte

Esta instruçăo realizxa uma disjunçăo exclusiva de dois operadores bit a
bit.

Fonte      Destino    |    Destino
-----------------------------------
   1          1       |       0
   0          0       |       1
   0          1       |       1
   0          0       |       0

                                   

4.2.2.Instruçőes aritméticas.

Săo usadas para realizar operaçőes aritméticas nos operadores.

 ADC
 ADD
 DIV
 IDIV
 MUL
 IMUL
 SBB
 SUB


                                 
INSTRUÇĂO ADC

Propósito: Efetuar a soma entre dois operandos com carry.

Sintaxe:

ADC destino,fonte

Esta instruçăo efetua a soma entre dois operandos, mais o valor do flag CF,
existente antes da operaçăo. Apenas o operando destino e os flags săo
afetados.

O resultado é armazenado no operador de destino.

                                   

 INSTRUÇĂO ADD

Propósito: Adiçăo de dois operadores.

Sintaxe:

ADD destino,fonte

Esta instruçăo adiciona dois operadores e armazena o resultado no operador
destino.

                                   

 INSTRUÇĂO DIV

Propósito: Divisăo sem sinal.

Sintaxe:

DIV fonte

O divisor pode ser um byte ou uma palavra e é o operador que é dado na
instruçăo.

Se o divisor é de 8 bits, o registrador AX de 16 bits é tomado como
dividendo e se o divisor é de 16 bits, o par de registradores DX:AX será
tomado como dividendo, tomando a palavra alta de DX e a baixa de AX.

Se o divisor for um byte, entăo o quociente será armazenado no registrador
AL e o resto em AH. Se for uma palavra, entăo o quociente é armazenado em AX
e o resto em DX.

                                   

 INSTRUÇĂO IDIV

Propósito: Divisăo com sinal.

Sintaxe:

IDIV fonte

Consiste basicamente como a instruçăo DIV, diferencia-se apenas por realizar
a operaçăo com sinal.

Para os resultados săo usados os mesmos registradores da instruçăo DIV.

                                   

 INSTRUÇĂO MUL

Propósito: Multiplicaçăo com sinal.

Sintaxe:

MUL fonte

Esta instruçăo realiza uma multiplicaçăo năo sinalizada entre o conteúdo do
acumulador AL ou AX pelo operando-fonte, devolvendo o resultado no
acumulador AX caso a operaçăo tenha envolvido AL com um operando de 8 bits,
ou em DX e AX caso a operaçăo tenha envolvido AX e um operando de 16 bits.

                                   

 INSTRUÇĂO IMUL

Propósito: Multiplicçăo de dois números inteiros com sinal.

Sintaxe:

IMUL fonte

Esta instruçăo faz o mesmo que a anterior, difere apenas pela inclusăo do
sinal.

Os resultados săo mantidos nos mesmos registradores usados pela instruçăo
MUL.

                                   

 INSTRUÇĂO SBB

Propósito: Subtraçăo com carry.

Sintaxe:

SBB destino,fonte

Esta instruçăo subtrai os operadores e subtrai um do resultado se CF está
ativado. O operador fonte é sempre subtraído do destino.

Este tipo de subtraçăo é usado quando se trabalha com quantidades de 32
bits.

                                   

 INSTRUÇĂO SUB

Propósito: Subtraçăo.

Sintaxe:

SUB destino,fonte

Esta instruçăo subtrai o operador fonte do destino.

        

			--------------- // ---------------

4.3.Instruçőes de controle de processos
                             
Conteúdo:

4.3.1.Instruçőes de salto
4.3.2.Instruçőes de laços: loop
4.3.3.Instruçőes de contagem
4.3.4.Instruçőes de comparaçăo
4.3.5.Instruçőes de flag
                                   

4.3.1.Instruçőes de salto.

Usadas para transferir o processo de execuçăo do programa para o operador
indicado.

 JMP
 JA (JNBE)
 JAE (JNBE)
 JB (JNAE)
 JBE (JNA)
 JE (JZ)
 JNE (JNZ)
 JG (JNLE)
 JGE (JNL)
 JL (JNGE)
 JLE (JNG)
 JC
 JNC
 JNO
 JNP (JPO)
 JNS
 JO
 JP (JPE)
 JS


                                   
 INSTRUÇĂO JMP

Propósito: Salto incondicional.

Sintaxe:

JMP destino

Esta instruçăo é usada par adesviar o curso do programa sem tomar em conta
as condiçőes atuais dos flags ou dos dados.

                                   

 INSTRUÇĂO JA (JNBE)

Propósito: Salto condicional.

Sintaxe:

JA símbolo

Após uma comparaçăo este comando salta se năo é igual.

Isto quer dizer que o salto só é feito se o flag CF ou o flag ZF estăo
desativados, ou seja, se um dos dois for zero.

                                   

 INSTRUÇĂO JAE (JNB)

Propósito: Salto condicional.

Sintaxe:

JAE símbolo

A instruçăo salta se está up, se está equal ou se está not down.

O salto é feito se CF está desativado.

                                   

 INSTRUÇĂO JB (JNAE)

Propósito: Salto condicional.

Sintaxe:

JB símbolo

A instruçăo salta se está down, se está not up ou se está equal.

O salto é feito se CF está ativado.

                                   

 INSTRUÇĂO JBE (JNA)

Propósito: Salto condicional.

Sintaxe:

JBE símbolo

A instruçăo salta se está down, se está equal ou se está not up.

O salto é feito se CF ou ZF estăo ativados, ou seja, se um deles for 1.

                                   

 INSTRUÇĂO JE (JZ)

Propósito: Salto condicional.

Sintaxe:

JE símbolo

A instruçăo salta se está equal ou se está zero.

O salto é feito se ZF está ativado.

                                   

 INSTRUÇĂO JNE (JNZ)

Propósito: Salto condicional.

Sintaxe:

JNE símbolo

A instruçăo salta se está not equal ou se está zero.

O salto é feito se ZF está desativado.

                                   

 INSTRUÇĂO JG (JNLE)

Propósito: Salto condicional, e o sinal é tomado.

Sintaxe:

JG símbolo

A instruçăo salta se está larger, se está not larger ou se está equal.

O salto ocorre se ZF = 0 ou se OF = SF.

                                   

 INSTRUÇĂO JGE (JNL)

Propósito: Salto condicional, e o sinal é tomado.

Sintaxe:

JGE símbolo

A instruçăo salta se está larger, se está less than ou se está equal.

O salto é feito se SF = OF.

                                   

 INSTRUÇĂO JL (JNGE)

Propósito: Salto condicional, e o sinal é tomado.

Sintaxe:

JL símbolo

A instruçăo salta se está less than, se está not larger than ou se está
equal.

O salto é feito se SF é diferente de OF.

                                   

 INSTRUÇĂO JLE (JNG)

Propósito: Salto condicional, e o sinal é tomado.

Sintaxe:

JLE símbolo

A instruçăo salta se está less than, se está equal ou se está not larger.

O salto é feito se ZF = 1 ou se SF é diferente de OF.

                                   

 INSTRUÇĂO JC

Propósito: Salto condicional, e os flags săo tomados.

Sintaxe:

JC símbolo

A instruçăo salta se há carry.

O salto é feito se CF = 1.

                                   

 INSTRUÇĂO JNC

Propósito: Salto condicional, e o estado dos flags é tomado.

Sintaxe:

JNC símbolo

A instruçăo salta se năo há carry.

O salto é feito se CF = 0.

                                   

 INSTRUÇĂO JNO

Propósito: Salto condicional, e o estado dos flags é tomado.

Sintaxe:

JNO símbolo

A instruçăo salta se năo há overflow

O salto é feito se OF = 0.

                                   

 INSTRUÇĂO JNP (JPO)

Propósito: Salto condicional, e o estado dos flags é tomado.

Sintaxe:

JNP símbolo

A instruçăo salta se năo há paridade ou se a paridade é ímpar.

O salto é feito se PF = 0.

                                   

 INSTRUÇĂO JNS

Propósito: Salto condicional, e o estado dos flags é tomado.

Sintaxe:

JNP símbolo

A instruçăo salta se o sinal está desativado.

O salto é feito se SF = 0.

                                   

 INSTRUÇĂO JO

Propósito: Salto condicional, e o estado dos flags é tomado.

Sintaxe:

JO símbolo

A instruçăo salta se há overflow.

O salto é feito se OF = 1.

                                   

 INSTRUÇĂO JP (JPE)

Propósito: Salto condicional, e o estado dos flags é tomado.

Sintaxe:

JP símbolo

A instruçăo salta se há paridade ou se a paridade é par.

O salto é feito se PF = 1.

                                   

 INSTRUÇĂO JS

Propósito: Salto condicional, e o estado dos flags é tomado.

Sintaxe:

JS símbolo

A instruçăo salta se o sinal está ativado.

O salto é feito se SF =1.


			--------------- // ---------------

                               
4.3.2.Instruçőes para laços: LOOP.

Estas instruçőes transferem a execuçăo do processo, condicional ou
incondicionalmente, para um destino, repetindo a açăo até o contador ser
zero.

 LOOP
 LOOPE
 LOOPNE


                                  
 INSTRUÇĂO LOOP

Propósito: Gerar um laço no programa.

Sintaxe:

LOOP símbolo

A instruçăo LOOP decrementa CX de 1 e transfere a execuçăo do programa para
o símbolo que é dado como operador, caso CX ainda năo seja 1.

                                   

 INSTRUÇĂO LOOPE

Propósito: Gerar um laço no programa, considerando o estado de ZF.

Sintaxe:

LOOPE símbolo

Esta instruçăo decrementa CX de 1. Se CX é diferente de zero e ZF é igual a
1, entăo a execuçăo do programa é transferida para o símbolo indicado como
operador.

                                   

 INSTRUÇĂO LOOPNE

Propósito: Gerar um laço no programa, considerando o estado de ZF.

Sintaxe:

LOOPNE símbolo

Esta instruçăo decrementa CX de 1 e transfere a execuçăo do programa apenas
se ZF é diferente de 0.

                                   

			--------------- // ---------------

4.3.3.Instruçőes contadoras.

Estas instruçőes săo usadas para decrementar ou incrementar o conteúdo de
contadores.

 DEC
 INC


                                  
 DEC INSTRUCTION

Propósito: Decrementar o operador.

Sintaxe:

DEC destino

Esta instruçăo subtrai 1 do operador destino e armazena o novo valor no
mesmo operador.

                                   

 INSTRUÇĂO INC

Propósito: Incrementar o operador.

Sintaxe:

INC destino

Esta instruçăo adiciona 1 ao operador destino e mantém o resultado no mesmo
operador.


			--------------- // ---------------
                                 
4.3.4.Instruçőes de comparaçăo.

Estas instruçőes săo usadas para comparar os operadores, e elas afetam o
conteúdo dos flags.

 CMP
 CMPS (CMPSB) (CMPSW)


                                  
 INSTRUÇĂO CMP

Propósito: Comparar os operadores.

Sintaxe:

CMP destino,fonte

Esta instruçăo subtrai o operador fonte do destino, mas năo armazena o
resultado da operaçăo, apenas afeta o estado dos flags.

                                   

 INSTRUÇĂO CMPS (CMPSB) (CMPSW)

Propósito: Comparar cadeias de um byte ou uma palavra.

Sintaxe:

CMP destino,fonte

Esta instruçăo compara efetuando uma subtraçăo entre o byte ou palavra
endereçado por DI, dentro do segmento extra de dados, e o byte ou palavra
endereçado por SI dentro do segmento de dados, afetando o registrador de
flags, mas sem devolver o resultado da subtraçăo.

A instruçăo automaticamente incrementa ou decrementa os registradores de
índice SI e DI, dependendo do valor do flag DF, de modo a indicar os
próximos dois elementos a serem comparados. O valor de incremento ou
decremento é uma de uma ou duas unidades, dependendo da natureza da
operaçăo.

Diante desta instruçăo, pode-se usar um prefixo para repetiçăo, de modo a
comparar dois blocos de memória entre si, repetindo a instruçăo de
comparaçăo até que ambos se tornem iguais ou desiguais.

                                   

			--------------- // ---------------

4.3.5.Instruçőes de flag.

Estas instruçőes afetam diretamente o conteúdo dos flags.

 CLC
 CLD
 CLI
 CMC
 STC
 STD
 STI

                                   

 INSTRUÇĂO CLC

Propósito: Limpar o flag de carry.

Sintaxe:

CLC

Esta instruçăo desliga o bit correspondente ao flag de carry. Em outras
palavras, ela o ajusta para zero.

                                   

 INSTRUÇĂO CLD

Propósito: Limpar o flag de endereço.

Sintaxe:

CLD

Esta instruçăo desliga o bit correspondente ao flag de endereço.

                                   

 INSTRUÇĂO CLI

Propósito: Limpar o flag de interrupçăo.

Sintaxe:

CLI

Esta instruçăo desliga o flag de interrupçőes, desabilitando, deste modo,
interrupçőes mascaráveis.

Uma interrupçăo mascarável é aquela cujas funçőes săo desativadas quando
IF=0.

                                   

 INSTRUÇĂO CMC

Propósito: Complementar o flag de carry.

Sintaxe:

CMC

Esta instruçăo complementa o estado do flag CF. Se CF = 0 a instruçăo o
iguala a 1. Se CF = 1, a instruçăo o iguala a 0.

Poderíamos dizer que ela apenas inverte o valor do flag.

                                   

 INSTRUÇĂO STC

Propósito: Ativar o flag de carry.

Sintaxe:

STC

Esta instruçăo ajusta para 1 o flag CF.

                                   

 INSTRUÇĂO STD

Propósito: Ativar o flag de endereço.

Sintaxe:

STD

Esta instruçăo ajusta para 1 o flag DF.

                                   

 INSTRUÇĂO STI

Propósito: Ativar o flag de insterrupçăo.

Sintaxe:

STI

Esta instruçăo ativa o flag IF, e habilita interrupçőes externas mascaráveis
(que só funcionam quando IF = 1).

  

*****************************************************************************

                 CAPÍTULO 5: INTERRUPÇŐES E GERĘNCIA DE ARQUIVOS
                               
                                
Conteúdo:

5.1.Interrupçőes
5.2.Gerenciamento de arquivos

			--------------- // ---------------
                     
Conteúdo

5.1.1.Interrupçőes de hardware interno
5.1.2.Interrupçőes de hardware externo
5.1.3.Interrupçőes de software
5.1.4.Interrupçőes mais comuns
                                   

5.1.1.Interrupçőes de hardware interno

Interrupçőes internas săo geradas por certos eventos que ocorrem durante a
execuçăo de um programa.

Este tipo de interrupçőes săo gerenciadas, na sua totalidade, pelo hardware
e năo é possível modificá-las.

Um exemplo claro deste tipo de interrupçőes é a que atualiza o contador do
clock interno do computador, o hardware chama esta interrupçăo muitas vezes
durante um segundo.

Năo nos é permitido gerenciar diretamente esta interrupçăo, uma vez que năo
se pode controlar a hora atualizada por software. Mas podemos usar seus
efeitos no computador para o nosso benefício, por exemplo para criar um
virtual clock atualizado continuamente pelo contador interno de clock. Para
tanto, precisamos apenas ler o valor atual do contador e o transformar num
formato compreensível pelo usuário.



			--------------- // ---------------
                              
5.1.2.Interrupçőes de hardware externo

Interrupçőes externas săo geradas através de dispositivos periféricos, tais
como teclados, impressoras, placas de comunicaçăo, entre outros. Săo também
geradas por co-processadores.

Năo é possível desativar interrupçőes externas.

Estas interrupçőes năo săo enviadas diretamente para a CPU, mas, de uma
forma melhor, săo enviadas para um circuito integrado cuja funçăo exclusiva
é manusear este tipo de interrupçăo. O circuito, chamado PIC8259A, é
controlado pela CPU através de uma série de comunicaçăo chamada paths.


			--------------- // ---------------
                               
5.1.3.Interrupçőes de software

Interrupçőes de software podem ser ativadas diretamente por nossos programas
assembly, invocando o número da interrupçăo desejada com a instruçăo INT.

O uso das interrupçőes facilita muito a criaçăo dos programas, torna-os
menores. Além disso, é fácil compreendę-las e geram boa performance.

Este tipo de interrupçőes podem ser separadas em duas categorias:
Interrupçőes do Sistema Operacional DOS e interrupçőes do BIOS.

A diferença entre ambas é que as interrupçőes do sistema operacional săo
mais fáceis de usar, mas também săo mais lentas, uma vez que acessam os
serviços do BIOS. Por outro lado, interrupçőes do BIOS săo muito mais
rápidas, mas possuem a desvantagem de serem parte do hardware, o que
significa serem específicas ŕ arquitetura do computador em questăo.

A escolha sobre qual o tipo de interrupçăo usar irá depender somente das
características que vocę deseja dar ao seu programa: velocidade (use BIOS),
portabilidade (use DOS).


			--------------- // ---------------
                               

5.1.4.Interrupçőes mais comuns
                            
                                  
Conteúdo

5.1.4.1.Int 21H (Interrupçăo do DOS)
		Múltiplas chamadas ŕ funçőes DOS.

5.1.4.2.Int 10H (Interrupçăo do BIOS)
		Entrada e Saída de Vídeo.

5.1.4.3.Int 16H (Interrupçăo do BIOS)
		Entrada e Saída do Teclado.

5.1.4.4.Int 17H (Interrupçăo do BIOS)
		Entrada e Saída da Impressora.

                                  
			--------------- // ---------------

5.1.4.1.Interrupçăo 21H

Propósito: Chamar uma diversidade de funçőes DOS.

Sintaxe:

Int 21H

Nota: Quando trabalhamos com o programa TASM é necessário especificar que o
valor que estamos usando está em hexadecimal.

Esta interrupçăo tem muitas funçőes, para acessar cada uma delas é
necessário que o número correspondente da funçăo esteja no registrador AH no
momento da chamada da interrupçăo.

Funçőes para mostrar informaçőes no vídeo.

     02H Exibe um caracter
     09H Exibe uma cadeia de caracteres
     40H Escreve num dispositivo/arquivo

Funçőes para ler informaçőes do teclado.

     01H Entrada do teclado
     0AH Entrada do teclado usando buffer
     3FH Leitura de um dispositivo/arquivo

Funçőes para trabalhar com arquivos.

Nesta seçăo săo apenas especificadas as tarefas de cada funçăo, para uma
referęncia acerca dos conceitos usados, veja Introduçăo ao gerenciamento de
arquivos.

Método FCB

     0FH Abertura de arquivo
     14H Leitura seqüencial
     15H Escrita seqüencial
     16H Criaçăo de arquivo
     21H Leitura randômica
     22H Escrita randômica

Handles

     3CH Criaçăo de arquivo
     3DH Abertura de arquivo
     3EH Fechamento de arquivo
     3FH Leitura de arquivo/dispositivo
     40H Escrita de arquivo/dispositivo
     42H Move ponteiro de leitura/escrita num arquivo

                                   

 FUNÇĂO 02H

Uso:

Mostra um caracter na tela.

Registradores de chamada:

AH = 02H
DL = Valor de caracter a ser mostrado.

Registradores de retorno:

Nenhum.

Esta funçăo mostra o caracter cujo código hexadecimal corresponde ao valor
armazenado no registrador DL, e năo modifica nenhum registrador.

O uso da funçăo 40H é recomendado ao invés desta funçăo.

                                   

 FUNÇĂO 09H

Uso:

Mostra uma cadeia de caracteres na tela.

Registradores de chamada:

AH = 09H
DS:DX = Endereço de início da cadeia de caracteres.

Registradores de retorno:

Nenhum.

Esta funçăo mostra os caracteres, um por um, a partir do endereço indicado
nos registradores DS:DX até encontrar um caracter $, que é interpretado como
fim da cadeia.

É recomendado usar a funçăo 40H ao invés desta.

                                   

 FUNÇĂO 40H

Uso:

Escrever num dispositivo ou num arquivo.

Registradores de chamada:

AH = 40H
BX = Número do handle
CX = Quantidade de bytes a gravar
DS:DX = Área onde está o dado

Registradores de retorno:

CF = 0 se năo houve erro

        AX = Número de bytes escrito

CF = 1 se houve erro

        AX = Código de erro

Para usar esta funçăo para mostrar a informaçăo na tela, faça o registrador
BX ser igual a 1, que é o valor default para o vídeo no DOS.

                                   

 FUNÇĂO 01H

Uso:

Ler um caracter do teclado e mostrá-lo.

Registradores de chamada

AH = 01H

Registradores de retorno:

AL = Caracter lido

É muito fácil ler um caracter do teclado com esta funçăo, o código
hexadecimal do caracter lido é armazenado no registrador AL. Nos caso de
teclas especiais, como as de funçăo F1, F2, além de outras, o registrador AL
conterá o valor 1, sendo necessário chamar a funçăo novamente para obter o
código daquele caracter.

                                   

 FUNÇĂO 0AH

Uso:

Ler caracteres do teclado e armazená-los num buffer.

Registradores de chamada:

AH = 0AH
DS:DX = Endereço inicial da área de armazenamento
BYTE 0 = Quantidade de bytes na área
BYTE 1 = Quantidade de bytes lidos
do BYTE 2 até BYTE 0 + 2 = caracteres lidos

Registradores de retorno:

Nenhum.

Os caracteres săo lidos e armazenados num espaço de memória que foi
definido. A estrutura deste espaço indica que o primeiro byte representará a
quantidade máxima de caracteres que pode ser lida. O segundo, a quantidade
de caracteres lidos e, no terceiro byte, o inicio onde eles săo armazenados.

Quando se atinge a quantidade máxima permitida, ouve-se o som do speaker e
qualquer caracter adicional é ignorado. Para finalizar a entrada, basta
digitar [ENTER].

                                   

 FUNÇĂO 3FH

Uso:

Ler informaçăo de um dispositivo ou de um arquivo.

Registradores de chamada:

AH = 3FH
BX = Número do handle
CX = Número de bytes a ler
DS:DX = Área para receber o dado

Registradores de retorno:

CF = 0 se năo há erro e AX = número de bytes lidos.
CF = 1 se há erro e AX conterá o código de erro.

                                   

 FUNÇĂO 0FH

Uso:

Abrir um arquivo FCB.

Registradores de chamada:

AH = 0FH
DS:DX = Ponteiro para um FCB

Registradores de retorno:

AL = 00H se năo há problemas, de outra forma retorna 0FFH

                                   

 FUNÇĂO 14H

Uso:

Leitura sequencial num arquivo FCB.

Registradores de chamada:

AH = 14H
DS:DX = Ponteiro para um FCB já aberto.

Registradores de retorno:

AL = 0 se năo há erros, de outra forma o código correspondente de erro retornará:
1 erro no fim do arquivo, 2 erro na estrutura FCB e 3 erro de leitura parcial.

O que esta funçăo faz é ler o próximo bloco de informaçőes do endereço dado
por DS:DX, e atualizar este registro.

                                   

 FUNÇĂO 15H

Uso:

Escrita sequencial e arquivo FCB.

Registradores de chamada:

AH = 15H
DS:DX = Ponteiro para um FCB ja aberto.

Registradores de retorno:

AL = 00H se năo há erros, de outra forma conterá o código de erro:  1 disco cheio ou
arquivo somente de leitura, 2 erro na formaçăo ou na especificaçăo do FCB.

A funçăo 15H atualiza o FCB após a escrita do registro para o presente
bloco.

                                   

 FUNÇĂO 16H

Uso:

Criar um arquivo FCB. Registradores de chamada:

AH = 16H
DS:DX = Ponteiro para um FCB já aberto.

Registradores de retorno:

AL = 00H se năo há erros, de outra forma conterá o valor 0FFH.

É baseada na informaçăo advinda de um FCB para criar um arquivo num disco.

                                   

 FUNÇĂO 21H

Uso:

Ler de modo randômico um arquivo FCB.

Registradores de chamada:

AH = 21H
DS:DX = Ponteiro para FCB aberto.

Registradores de retorno:

A = 00H se năo há erro, de outra forma AH conterá o código de erro:
1 se é o fim do arquivo, 2 se há um erro de especificaçăo no FCB e 3 se um registro foi
lido parcialmente ou o ponteiro de arquivo está no fim do mesmo.

Esta funçăo lę o registro especificado pelos campos do bloco atual e
registro de um FCB aberto e coloca a informaçăo na DTA, Área de
Transferęncia do Disco.

                                   

 FUNÇĂO 22H

Uso:

Escrita randômica num arquivo FCB.

Registradores de chamada:

AH = 22H
DS:DX = Ponteiro para um FCB aberto.

Registradores de retorno:

AL = 00H se năo há erro, de outra forma conterá o código de erro:
1 se o disco está cheio ou o arquivo é apenas de leitura e 2 se há um erro na especificaçăo FCB.

Escreve o registro especificado pelos campos do bloco atual e registro de um
FCB aberto. Esta informaçăo é do conteúdo da DTA.

                                   

 FUNÇĂO 3CH

Uso:

Criar um arquivo se năo existe ou deixá-lo com compirmento 0 se existe.

Registradores de chamada:

AH = 3CH
CH = Atributo do arquivo
DS:DX = Nome do arquivo, no formato ASCII.

Registradores de retorno:

CF = 0 e AX informa o número do handle se năo há erro. Se caso houver erro,
CF será 1 e AX conterá o código de erro: 3 caminho năo encontrado, 4 năo há handles disponíveis
e 5 acesso negado.

Esta funçăo substitui a funçăo 16H. O nome do arquivo é especificado numa
cadeia ASCII de bytes terminados pelo caracter 0.

O arquivo criado conterá os atributos definidos no registrador CX, do
seguinte modo:

        Valor           Atributos
         00H              Normal
         02H              Hidden
         04H              System
         06H              Hidden e System

O arquivo é criado com permissăo de leitura e escrita. Năo é possível a
criaçăo de diretórios através desta funçăo.

                                   

 FUNÇĂO 3DH

Uso:

Abre um arquivo e retorna um handle.

Registradores de chamada:

AH = 3DH
AL = modo de acesso
DS:DX = Nome do arquivo, no formato ASCII.

Registradores de retorno:

CF = 0 e AX = número do handle se năo há erros, de outra forma CF = 1 e AX = código de erro:
01H se a funçăo năo é válida, 02H se o arquivo năo foi encontrado, 03H se o caminho năo foi
encontrado, 04H se năo há handles disponíveis, 05H acesso negado, e 0CH se o código de
acesso năo é válido.

O handle retornado é de 16 bits.

O código de acesso é especificado da seguinte maneira:

        BITS
       7  6  5  4  3  2  1

       .  .  .  .  0  0  0      Apenas leitura
       .  .  .  .  0  0  1      Apenas escrita
       .  .  .  .  0  1  0      Leitura/Escrita
       .  .  .  x  .  .  .      RESERVADO

                                   

 FUNÇĂO 3EH

Uso:

Fecha um arquivo (handle).

Registradores de chamada:

AH = 3EH
BX = Número do handle associado

Registradores de retorno:

CF = 0 se năo há erros, ou CF será 1 e AX conterá o código de erro: 06H se o handle é inválido.

Esta funçăo atualiza o arquivo e libera o handle que estava usando.

 FUNÇĂO 3FH

Uso:

Ler uma quantidade específica de bytes de um arquivo aberto e armazená-los
num buffer específico.


			--------------- // ---------------
                                   
5.1.4.2.Interrupçăo 10h

Propósito: Chamar uma diversidade de funçőes do BIOS

Sintaxe:

Int 10H

Esta interrupçăo tem várias funçőes, todas para entrada e saída de vídeo.
Para acessar cada uma delas é necessário colocar o número da funçăo
correspondente no registrador AH.

Veremos apenas as funçőes mais comuns da interrupçăo 10H.

Funçăo 02H, seleciona a posiçăo do cursor
Funçăo 09H, exibe um caracter e o atributo na posiçăo do cursor
Funçăo 0AH, exibe um caracter na posiçăo do cursor
Funçăo 0EH, modo alfanumérico de exibiçăo de caracteres

                                   

Funçăo 02h

Uso:

Move o cursor na tela do computador usando o modo texto.

Registradores de chamada:

AH = 02H

BH = Página de vídeo onde o cursor está posicionado.

DH = linha

DL = coluna

Registradores de retorno:

Nenhum.

A posiçăo do cursor é definida pelas suas coordenadas, iniciando-se na
posiçăo 0,0 até a posiçăo 79,24. Logo os valores possíveis para os
registradores DH e DL săo: de 0 a 24 para linhas e de 0 a 79 para colunas.

                                   

Funçăo 09h

Uso:

Mostra um determinado caracter várias vezes na tela do computador com um
atributo definido, iniciando pela posiçăo atual do cursor.

Registradores de chamada:

AH = 09H
AL = Caracter a exibir
BH = Página de vídeo, onde o caracter será mostrado
BL = Atributo do caracter
CX = Número de repetiçőes.

Registradores de retorno:

Nenhum

Esta funçăo mostra um caracter na tela várias vezes, de acordo com o número
especificado no registrador CX, mas sem mudar a posiçăo do cursor na tela.

                                   

Funçăo 0Ah

Uso:

Exibe um caracter na posiçăo atual do cursor.

Registradores de chamada:

AH = 0AH
AL = Caracter a exibir
BH = Página de vídeo onde o caracter será exibido
BL = Cor do caracter (apenas em modo gráfico)
CX = Número de repetiçőes

Registradores de retorno:

Nenhum.

A principal diferença entre esta funçăo e a anterior é permitir mudança nos
atributos, bem como mudar a posiçăo do cursor.

                                   

Funçăo 0EH

Uso:

Exibir um caracter na tela do computador atualizando a posiçăo do cursor.

Registradores de chamada:

AH = 0EH
AL = Caracter a exibir
BH = Página de vídeo onde o caracter será exibido
BL = Cor a usar (apenas em modo gráfico)

Registradores de retorno:

Nenhum


			--------------- // ---------------
                                  
5.1.4.3.Interrupçăo 16H

Veremos duas funçőes da interrupçăo 16H. A exemplo das demais interrupçőes,
usa-se o registrador AH para chamá-las.

                                   

Funçőes da interrupçăo 16h

Funçăo 00H, lę um caracter do teclado.
Funçăo 01H, lę o estado atual do teclado.

Funçăo 00H Uso:

Ler um caracter do teclado.

Registradores de chamada:

AH = 00H

Registradores de retorno:

AH = Código da tecla pressionada

AL = Valor ASCII do caracter

Quando se usa esta interrupçăo, os programas executam até que uma tecla seja
pressionada. Se é um valor ASCII, é armazenado no registrador AH. Caso
contrário, o código é armazenado no registrador AL e AH=0.

Este valor de AL pode ser utilizado quando queremos detectar teclas que năo
estăo diretamente representadas pelo seu valor ASCII, tais como
[ALT][CONTROL].

                                   

Funçăo 01h

Uso:

Ler o estado do teclado

Registradores de chamada:

AH = 01H

Registradores de retorno:

Se o registrador de flag é zero, significa que há informaçăo no buffer de
teclado na memória. Caso contrário, o buffer está vazio. Portanto o valor do
registrador AH será o valor da tecla armazenada no buffer.


			--------------- // ---------------
                                  
5.1.4.4.Interrupçăo 17H

Propósito: Manusear a entrada e saída da impressora.

Sintaxe:

Int 17H

Esta interrupçăo é usada para enviar caracteres, setar ou ler o estado de
uma impressora.

     Funçőes da interrupçăo 17h

          Funçăo 00H, imprime um valor ASCII
          Funçăo 01H, seta a impressora
          Funçăo 02H, lę estado da impressora

Funçăo 00H

Uso:

Imprimir um caracter numa impressora.

Registradores de chamada:

     AH = 00H
     AL = Caracter a imprimir
     DX = Porta de conexăo

Registradores de retorno:

     AH = Estado da impressora

Os valores da porta a colocar no registrador DX săo:

LPT1 = 0, LPT2 = 1, LPT3 = 2 ...

O estado da impressora é codificado bit a bit como segue:

     BIT 1/0 SIGNIFICADO
     ----------------------------------------
     0 1 Estado de time-out
     1 -
     2 -
     3 1 Erro de entrada e saída
     4 1 Impressora selecionada
     5 1 Fim de papel
     6 1 Reconhecimento de comunicaçăo
     7 1 A impressora está pronta para o uso

Os bits 1 e 2 bits năo săo relevantes

A maioria dos BIOS suportam 3 portas paralelas, havendo alguns que suportam
4.

Funçăo 01h

Uso:

Setar uma porta paralela.

Registradores de chamada:

     AH = 01H
     DX = Porta

Registradores de retorno:

     AH = Status da impressora

A porta definida no registrador DX pode ser: LPT1=0, LPT2=1, assim por
diante.

O estado da impressora é codificado bit a bit como segue:

     BIT 1/0 SIGNIFICADO
     ----------------------------------------
     0 1 Estado de time-out
     1 -
     2 -
     3 1 Erro de entrada e saída
     4 1 Impressora selecionada
     5 1 Fim de papel
     6 1 Reconhecimento de comunicaçăo
     7 1 A impressora está pronta para o uso

Os bits 1 e 2 bits năo săo relevantes

Funçăo 02h

Uso:

Obter o status da impressora.

Registradores de chamada:

     AH = 01H
     DX = Porta

Registradores de retorno

     AH = Status da impressora

A porta definida no registrador DX pode ser: LPT1=0, LPT2=1, assim por
diante.

O estado da impressora é codificado bit a bit como segue:

     BIT 1/0 SIGNIFICADO
     ----------------------------------------
     0 1 Estado de time-out
     1 -
     2 -
     3 1 Erro de entrada e saída
     4 1 Impressora selecionada
     5 1 Fim de papel
     6 1 Reconhecimento de comunicaçăo
     7 1 A impressora está pronta para o uso

Os bits 1 e 2 bits năo săo relevantes



			--------------- // ---------------
                               
5.2. Gerenciamento de Arquivos
                                   
Conteúdo:

5.2.1.Modos de trabalhar com arquivos
5.2.2.Método FCB
5.2.3.Métodos de canais de comunicaçăo
                                   

5.2.1.Modos de trabalhar com arquivos.

Há dois modos de trabalhar com arquivos. O primeiro é através de FCB (
blocos de controle de arquivo), o segundo é através de canais de
comunicaçăo, também conhecidos como handles.

O primeiro modo de manusear arquivos tem sido usado desde o sistema
operacional CPM, predecessor do DOS, logo permite certas compatibilidades
com muitos arquivos velhos do CPM bem como com a versăo 1.0 do DOS, além
deste método permitir-nos ter um número ilimitado de arquivos abertos ao
mesmo tempo. Se vocę quiser criar um volume para o disco, a única forma é
através deste método.

Depois de considerarmos as vantagens de FCB, o uso do método de Canais de
Comunicaçăo é muito simples e permite-nos um melhor manuseio de erros.

Para uma melhor facilidade, daqui por diante nos referiremos aos Blocos de
Controle de Arquivo como FCBs e aos Canais de Comunicaçăo como handles.


			--------------- // ---------------
                                 
5.2.2.Método FCB.

5.2.2.1.Introduçăo
5.2.2.2.Abertura de arquivo
5.2.2.3.Criar um novo arquivo
5.2.2.4.Escrita seqüencial
5.2.2.5.Leitura seqüencial
5.2.2.6.Leitura e escrita randômica
5.2.2.7.Fechar um arquivo


			--------------- // ---------------

5.2.2.1.INTRODUÇĂO

Há dois tipos de FCB, o normal, cujo comprimento é 37 bytes, e o extendido,
com 44 bytes. Neste tutorial iremos assumir o primeiro, ou seja, quando
falarmos em FCB, estaremos fazendo referęncia ao tipo normal (37 bytes).

O FCB é composto de informaçőes dadas pelo programador e por informaçőes que
ele toma diretamente do sistema operacional. Quando estes tipos de arquivos
săo usados, só é possível se trabalhar no diretório corrente, pois FCBs năo
fornecem suporte ao sistema de organizaçăo de arquivos através de diretórios
do DOS.

FCB é composto pelos seguintes campos:

  POSIÇĂO    COMPRIMENTO   SIGNIFICADO
    00H         1 Byte       Drive
    01H         8 Bytes      Nome do arquivo
    09H         3 Bytes      Extensăo
    0CH         2 Bytes      Número do bloco
    0EH         2 Bytes      Tamanho do registro
    10H         4 Bytes      Tamanho do arquivo
    14H         2 Bytes      Data de criaçăo
    16H         2 Bytes      Hora de criaçăo
    18H         8 Bytes      Reservado
    20H         1 Bytes      Registro corrente
    21H         4 Bytes      Registro randômico

Para selecionar o drive de trabalho, assuma: drive A = 1; drive B = 2; etc.
Se for usado 0, o drive que está sendo usado no momento será tomado como
opçăo.

O nome do arquivo deve ser justificado ŕ esquerda e é necessário preencher
com espaços os bytes remanescentes, a extensăo é colocada do mesmo modo.

O bloco corrente e o registro corrente dizem ao computador que registro será
acessado nas operaçőes de leitura e escrita. Um bloco é um grupo de 128
registros. O primeiro bloco de arquivo é o bloco 0. O primeiro registro é o
registro 0, logo o último registro do primeiro bloco deve ser o 127, uma vez
que a numeraçăo é iniciada com 0 e o bloco pode conter 128 registradores no
total.

			--------------- // ---------------
                                
5.2.2.2.ABERTURA DE ARQUIVO

Para abrir um arquivo FCB é usada a funçăo 0FH da interrupçăo 21h.
A unidade, o nome e a extensăo do arquivo devem ser inicializadas antes da
abertura.

O registrador DX deve apontar para o bloco. Se o valor FFH é retornado no
registrador AH quando da chamada da interrupçăo, entăo o arquivo năo foi
encontrado. Se tudo der certo, o valor 0 é retornado.

Se o arquivo é aberto, entăo o DOS inicializa o bloco corrente em 0, o
tamanho do registro para 128 bytes. O tamanho do arquivo e a sua data săo
preenchidos com as informaçőes encontradas no diretório.

			--------------- // ---------------
                                  
5.2.2.3.CRIAR UM NOVO ARQUIVO

Para a criaçăo de arquivos é usada a funçăo 16H da interrupçăo 21h.

O registrador DX deve apontar para uma estrutura de controle cujo os
requisitos săo de que pelo menos a unidade lógica, o nome e a extensăo do
arquivo sejam definidas.

Caso ocorra problema, o valor FFH deve retornar em AL, de outra forma este
registrador conterá o valor 0.

			--------------- // ---------------
                                  
5.2.2.4.ESCRITA SEQÜENCIAL

Antes de conseguirmos realizar escrita para o disco, é necessário definir a
área de transferęncia de dados usando, para tanto, a funçăo 1AH da
interrupçăo 21h.

A funçăo 1AH năo retorna qualquer estado do disco nem da operaçăo. Mas a
funçăo 15H, que usaremos para escrever para o disco, faz isso no registrador
AL. Se este for igual a zero, entăo năo há erro e os campos de registro
corrente e de bloco săo atualizados.

                                   
			--------------- // ---------------

5.2.2.5.LEITURA SEQÜENCIAL

Antes de tudo, devemos definir a área de transferęncia de arquivo ou DTA.
Para a leitura seqüencial usaremos a funçăo 14H da interrupçăo 21h.

O registro a ser lido é definido pelos campos registro e bloco corrente. O
registrador AL retorna o estado da operaçăo. Se AL contém o valor 1 ou 3,
significa que foi atingido o fim do arquivo. Um valor 2, por sua vez,
significa que o FCB está estruturado erroneamente.

Caso năo ocorra erro, AL conterá o valor 0 e os campos de registro e bloco
corrente săo atualizados.

			--------------- // ---------------
                                   
5.2.2.6.LEITURA E ESCRITA RANDÔMICA

A funçăo 21H e a funçăo 22H da insterrupçăo 21h săo usadas ŕ realizaçăo,
respectivamente, da escrita e leitura randômica.

O número de registro randômico e o bloco corrente săo usados para calcular a
posiçăo relativa do registro a ser lido ou escrito.

O registrador AL retorna a mesma informaçăo do que par a escrita e leitura
seqüencial. A informaçăo a ser lida será retornada na área de transferęncia
do disco, bem como a informaçăo a ser escrita retorna na DTA.

			--------------- // ---------------
                                   
5.2.2.7.FECHAR UM ARQUIVO

Para fechar um arquivo usamos a funçăo 10H da interrupçăo 21h.

Se após invocar esta funçăo, o regisatrador AL conter o valor FFH, significa
que o arquivo foi mudado de posiçăo, o disco foi mudado ou há erro de acesso
a disco.

			--------------- // ---------------
                                 
5.2.3.Canais de comunicaçăo.

5.2.3.1.Trabalhando com handles
5.2.3.2.Funçőes para usar handles

                                   
5.2.3.1.TRABALHANDO COM HANDLES

O uso de handles para gerenciar arquivos traz grandes facilidades na criaçăo
de arquivos e o programador pode concentrar-se em outros aspectos da
programaçăo sem preocupar-se com detalhes que podem ser manuseados pelo
sistema operacional.

A facilidade dos handles consiste em que para operarmos sobre um arquivo é
apenas necessário definirmos o nome do mesmo e o número de handle a usar,
todo o resto da informaçăo é manuseada internamente pelo DOS.

Quando usamos este método para trabalhar com arquivos, năo há distinçăo
entre acesso seqüencial ou randômico, o arquivo é simplesmente tomado como
uma rede de bytes.

			--------------- // ---------------
                                  
5.2.3.2.FUNÇŐES PARA USAR HANDLES

As funçőes usadas para o manuseio de arquivos através de handles săo
descritas na página sobre: Interrupçőes, na seçăo dedicada ŕ interrupçăo 21h.
        

*****************************************************************************

                       CAPÍTULO 6: MACROS E PROCEDIMENTOS

Conteúdo

6.1.Procedimentos
6.2.Macros

                                 
6.1.Procedimentos

6.1.1.Definiçăo de procedimento
6.1.2.Sintaxe de um procedimento

			--------------- // ---------------
                              
6.1.1.Definiçăo de um procedimento

Um procedimento é uma coleçăo de instruçőes para as quais é possível
direcionar o curso de nosso programa, e uma vez que a execuçăo destas
instruçőes do procedimento tenha acabado, o controle retorna para linha que
segue ŕ que chamou o procedimento.

Procedimentos nos ajudam a criar programas legíveis e fáceis de modificar.

Quando se invoca um procedimento, o endereço da próxima instruçăo do
programa é mantido na pilha, de onde é recuperado quando do retorno do
procedimento.

			--------------- // ---------------
                          
6.1.2.Sintaxe de um procedimento

Há dois tipos de procedimentos, os intrasegments, que se localizam no mesmo
segmento da instruçăo que o chama, e os inter segments, que podem se
localizar em diferentes segmentos de memória.

Quando os procedimentos intrasegments săo usados, o valor de IP é armazenado
na pilha e quando os procedimentos inter segments săo usados o valor de
CS:IP é armazenado. Lembre-se que o registrador CS indica qual o segmento de
código.

A diretiva que chama um procedimento é como segue:

CALL NomedoProcedimento

As partes que compőem um procedimento săo as seguintes:

Declaraçăo do procedimento
Código do procedimento
Diretiva de retorno
Término do procedimento

Por exemplo, se quisermos uma rotina que soma dois bytes armazenados em AH e
AL, e o resultado da soma em BX:

Soma Proc Near    ; Declaraçăo do Procedimento
Mov BX, 0         ; Conteúdo do Procedimento...
Mov BL, AH
Mov AH, 00
Add BX, AX
Ret               ; Diretiva de retorno
Soma EndP         ; Fim do Procedimento

Na declaraçăo, a primeira palavra, Soma, corresponde ao nome do
procedimento. Proc declara-o e a palavra Near indica que o procedimento é do
tipo intrasegment, ou seja, no mesmo segmento. A diretiva Ret carrega IP com
o endereço armazenado na pilha para retornar ao programa que chamou.
Finalmente, Soma EndP indica o fim do procedimento.

Para declarar um procedimento inter segment, basta substituir a palavra Near
para FAR.

A chamada deste procedimento é feito de modo idęntico:

Call Soma

Macros oferecem uma grande flexibilidade na programaçăo, comparadas aos
procedimentos.

			--------------- // ---------------
                                 
6.2.Macros

6.2.1.Definiçăo de uma Macro
6.2.2.Sintaxe de uma Macro
6.2.3.Bibliotecas de Macros


6.2.1.Definiçăo de uma Macro

Uma macro é um grupo de instruçőes repetitivas em um programa que săo
codificadas apenas uma vez e, assim, poupam espaço, podendo ser utilizadas
tantas vezes quantas forem necessário.

A principal diferença entre uma macro e um procedimento é que numa macro é
possível a passagem de parâmetros e num procedimento năo. No momento em que
a macro é executada, cada parâmetro é substituído pelo nome ou valor
especificado na hora da chamada.

Podemos dizer, desta forma, que um procedimento é uma extensăo de um
determinado programa, enquanto que uma macro é um módulo que especifica
funçőes que podem ser utilizadas por diferentes programas.

Uma outra diferença entre uma macro e um procedimento é o modo de chamada de
cada um. Para chamar um procedimento, se faz necessário a diretiva CALL, por
outro lado, para chamada de macros é feita com se fosse uma instruçăo normal
da linguagem assembly.

			--------------- // ---------------

6.2.2.Sintaxe de uma Macro

As partes que compőem uma macro săo as seguintes:

Declaraçăo da macro
Código da macro
Diretiva de término da macro

A declaraçăo da macro é feita como se segue:

NomeMacro MACRO [parâmetro1, parâmetro2...]

Do mesmo modo que temos a funcionalidade dos parâmetros, é possível também a
criaçăo de uma macro que năo os possua.

A diretiva de término da macro é: ENDM

Um exemplo de uma macro para colocar o cursor numa determinada posiçăo da
tela:

Pos MACRO  Linha, Coluna
  PUSH AX
  PUSH BX
  PUSH DX
  MOV AH, 02H
  MOV DH, Linha
  MOV DL, Coluna
  MOV BH, 0
  INT 10H
  POP DX
  POP BX
  POP AX
ENDM

Para usar uma macro basta chamá-la pelo seu nome, tal como se fosse qualquer
instruçăo na linguagem assembly:

Pos 8, 6

			--------------- // ---------------
                                
6.2.3.Biblioteca de Macros

Uma das facilidades oferecidas pelo uso de macros é a criaçăo de
bibliotecas, que săo grupo de macros, podendo ser incluídas num programa
originárias de arquivos diferentes.

A criaçăo destas bibliotecas é muito simples. Criamos um arquivo com todas
as macros que serăo necessárias e o salvamos como um arquivo texto.

Para incluir uma biblioteca num programa, basta colocar a seguinte instruçăo
Include NomedoArquivo na parte inicial do programa, antes da declaraçăo do
modelo de memória.

Supondo que o arquivo de macros tenha sido salvo com o nome de MACROS.TXT, a
instruçăo Include seria utilizada do seguinte modo:

  ;Início do programa
        Include MACROS.TXT
        .MODEL SMALL
        .DATA
          ;Os dados văo aqui
        .CODE
        Inicio:
          ;O código do programa começa aqui
        .STACK
          ;A pilha é declarada
        End Inicio
          ;Fim do programa


*****************************************************************************

                           CAPÍTULO 7: EXEMPLOS DE PROGRAMAS
                           
                               
Conteúdo:

7.1.Exemplos de Programas com Debug
7.2.Exemplos de Programas com TASM                         

			--------------- // ---------------

7.1.Exemplos de Programas com Debug

Nesta seçăo forneceremos alguns programas feitos no debug do DOS.
Vocę pode executar cada programa assembly usando o comando "g" (go), para
ver o que cada programa faz.

Procedimento

Primeiro passo

Carregar o programa exemplo

Por exemplo:

C:\>debug
-n one.com
-l
-u 100 109
0D80:0100 B80600        MOV     AX,0006
0D80:0103 BB0400        MOV     BX,0004
0D80:0106 01D8          ADD     AX,BX
0D80:0108 CD20          INT     20
-

Nota:

-n one.com

Dar nome ao programa a ser carregado

-l

Carregá-lo

-u 100 109

Desmontar o código do endereço inicial ao final especificado

Segundo passo

Digite o comando g
Por exemplo:

-g

Program terminated normally
-

                                   

Exemplos de programas no Debug

Primeiro exemplo

-a0100
297D:0100     MOV     AX,0006    ;Pőe o valor 0006 no registrador AX
297D:0103     MOV     BX,0004    ;Pőe o valor 0004 no registrador BX
297D:0106     ADD     AX,BX      ;Adiciona BX ao conteúdo de AX
297D:0108     INT     20         ;Finaliza o Programa

A única coisa que este programa faz é salvar dois valores em dois
registradores e adicionar o valor de um ao outro.

Segundo exemplo

- a100
0C1B:0100 jmp 125 ;Salta para o endereço 125h
0C1B:0102 [Enter]
- e 102  'Hello, How are you ?' 0d 0a '$'
- a125
0C1B:0125 MOV DX,0102 ;Copia a string para registrador DX
0C1B:0128 MOV CX,000F ;Quantas vezes a string será mostrada
0C1B:012B MOV AH,09   ;Copia o valor 09 para registrador AH
0C1B:012D INT 21      ;Mostra a string
0C1B:012F DEC CX      ;Subtrai 1 de CX
0C1B:0130 JCXZ 0134   ;Se CX é igual a 0 salta para o endereço 0134
0C1B:0132 JMP 012D    ;Salta ao endereço 012D
0C1B:0134 INT 20      ;Finaliza o programa

Este programa mostra 15 vezes na tela a string de caracteres.

Terceiro exemplo

-a100
297D:0100       MOV     AH,01    ;Funçăo para mudar o cursor
297D:0102       MOV     CX,0007  ;Formata o cursor
297D:0105       INT     10       ;Chama interrupçăo do BIOS
297D:0107       INT     20       ;Finaliza o programa

Este programa muda o formato do cursor.

Quarto exemplo

-a100
297D:0100       MOV     AH,01    ;Funçăo 1 (lę caractere do teclado)
297D:0102       INT     21       ;Chama interrupçăo do DOS
297D:0104       CMP     AL,0D    ;Compara se o caractere lido é um ENTER
297D:0106       JNZ     0100     ;Se năo é, lę um outro caractere
297D:0108       MOV     AH,02    ;Funçăo 2 (escreve um caractere na tela)
297D:010A       MOV     DL,AL    ;Character to write on AL
297D:010C       INT     21       ;Chama interrupçăo do DOS
297D:010E       INT     20       ;Finaliza o programa

Este programa usa a interrupçăo 21h do DOS. Usa duas funçőes da mesma: a
primeira lę um caractere do teclado (funçăo 1) e a segundo escreve um
caractere na tela. O programa lę caracteres do teclado até encontrar um
ENTER.

Quinto exemplo

-a100
297D:0100       MOV     AH,02     ;Funçăo 2 (escreve um caractere na tela)
297D:0102       MOV     CX,0008   ;Pőe o valor 0008 no registrador CX
297D:0105       MOV     DL,00     ;Pőe o valor 00 no registrador DL
297D:0107       RCL     BL,1      ;Rotaciona o byte em BL um bit para a esquerda
297D:0109       ADC     DL,30     ;Converte o registrador de flag para 1
297D:010C       INT     21        ;Chama interrupçăo do DOS
297D:010E       LOOP    0105      ;Salta se CX > 0 para o endereço 0105
297D:0110       INT     20        ;Finaliza o programa

Este programa mostra na tela um número binário através de um ciclo
condicional (LOOP) usando a rotaçăo do byte.

Sexto exemplo

-a100
297D:0100       MOV     AH,02     ;Funçăo 2 (escreve um caractere na tela)
297D:0102       MOV     DL,BL     ;Pőe o valor de BL em DL
297D:0104       ADD     DL,30     ;Adiciona o valor 30 a DL
297D:0107       CMP     DL,3A     ;Compara o valor 3A com o conteúdo de DL sem afetá-lo
                                  ;seu valor apenas modifica o estado do flag de carry
297D:010A       JL      010F      ;salta ao endereço 010f, se for menor
297D:010C       ADD     DL,07     ;Adiciona o valor 07 a DL
297D:010F       INT     21        ;Chama interrupçăo do DOS
297D:0111       INT     20        ;Finaliza o programa

Este programa imprime um valor zero em dígitos hexadecimais.

Sétimo exemplo

-a100
297D:0100       MOV     AH,02    ;Funçăo 2 (escreve um caractere na tela)
297D:0102       MOV     DL,BL    ;Pőe o valor de BL em DL
297D:0104       AND     DL,0F    ;Transporta fazendo AND dos números bit a bit
297D:0107       ADD     DL,30    ;Adiciona 30 a Dl
297D:010A       CMP     DL,3A    ;Compara Dl com 3A
297D:010D       JL      0112     ;Salta ao endereço 0112, se menor
297D:010F       ADD     DL,07    ;Adiciona 07 a DL
297D:0112       INT     21       ;Chama interrupçăo do DOS
297D:0114       INT     20       ;Finaliza o programa

Este programa é usado para imprimir dois dígitos hexadecimais.

Oitavo exemplo

-a100
297D:0100     MOV     AH,02    ;Funçăo 2 (escreve um caractere na tela)
297D:0102     MOV     DL,BL    ;Pőe o valor de BL em DL
297D:0104     MOV     CL,04    ;Pőe o valor 04 em CL
297D:0106     SHR     DL,CL    ;Desloca os 4 bits mais altos do número ao nibble mais ŕ direita
297D:0108     ADD     DL,30    ;Adiciona 30 a DL
297D:010B     CMP     DL,3A    ;Compara Dl com 3A
297D:010E     JL      0113     ;Salta ao endereço 0113, se menor
297D:0110     ADD     DL,07    ;Adiciona 07 a DL
297D:0113     INT     21       ;Chama interrupçăo do DOS
297D:0115     INT     20       ;Finaliza o programa

Este programa imprime o primeiro de dois dígitos hexadecimais.

Nono exemplo

-a100
297D:0100     MOV     AH,02   ;Funçăo 2 (escreve um caractere na tela)
297D:0102     MOV     DL,BL   ;Pőe o valor de BL em DL
297D:0104     MOV     CL,04   ;Pőe o valor 04 em CL
297D:0106     SHR     DL,CL   ;Desloca os 4 bits mais altos do número ao nibble mais ŕ direita
297D:0108     ADD     DL,30   ;Adiciona 30 a DL
297D:010B     CMP     DL,3A   ;Compara Dl com 3A
297D:010E     JL      0113    ;Salta ao endereço 0113, se menor
297D:0110     ADD     DL,07   ;Adiciona 07 a DL
297D:0113     INT     21      ;Chama interrupçăo do DOS
297D:0115     MOV     DL,BL   ;Pőe o valor de BL em DL
297D:0117     AND     DL,0F   ;Transporta fazendo AND dos números bit a bit
297D:011A     ADD     DL,30   ;Adiciona 30 a DL

297D:011D     CMP     DL,3A   ;Compara Dl com 3A
297D:0120     JL      0125    ;Salta ao endereço 0125, se menor
297D:0122     ADD     DL,07   ;Adiciona 07 a DL
297D:0125     INT     21      ;Chama interrupçăo do DOS
297D:0127     INT     20      ;Finaliza o programa

Este programa imprime o segundo de dois dígitos hexadecimais.

Décimo exemplo

-a100
297D:0100      MOV     AH,01   ;Funçăo 1 (lę caractere do teclado)
297D:0102      INT     21      ;Chama interrupçăo do DOS
297D:0104      MOV     DL,AL   ;Pőe o valor de AL em DL
297D:0106      SUB     DL,30   ;Subtrai 30 de DL
297D:0109      CMP     DL,09   ;Compara DL com 09
297D:010C      JLE     0111    ;Salta ao endereço 0111, se menor ou igual
297D:010E      SUB     DL,07   ;Subtrai 07 de DL
297D:0111      MOV     CL,04   ;Pőe o valor 04 em CL
297D:0113      SHL     DL,CL   ;Insere zeros ŕ direita
297D:0115      INT     21      ;Chama interrupçăo do DOS
297D:0117      SUB     AL,30   ;Subtrai 30 de AL
297D:0119      CMP     AL,09   ;Compara AL com 09
297D:011B      JLE     011F    ;Salta ao endereço 011f, se menor ou igual
297D:011D      SUB     AL,07   ;Subtrai 07 de AL
297D:011F      ADD     DL,AL   ;Adiciona AL a DL
297D:0121      INT     20      ;Finaliza o programa

Este programa pode ler dois dígitos hexadecimais.

Décimo primeiro exemplo

-a100
297D:0100     CALL    0200   ;Chama um procedimento
297D:0103     INT     20     ;Finaliza o programa

-a200
297D:0200     PUSH    DX     ;Pőe o valor de DX na pilha
297D:0201     MOV     AH,08  ;Funçăo 8
297D:0203     INT     21     ;Chama interrupçăo do DOS
297D:0205     CMP     AL,30  ;Compara AL com 30
297D:0207     JB      0203   ;Salta se CF é ativado ao endereço 0203
297D:0209     CMP     AL,46  ;Compara AL com 46
297D:020B     JA      0203   ;Salta ao endereço 0203, se diferente
297D:020D     CMP     AL,39  ;Compara AL com 39
297D:020F     JA      021B   ;Salta ao endereço 021B, se diferente
297D:0211     MOV     AH,02  ;Funçăo 2 (escreve um caractere na tela)
297D:0213     MOV     DL,AL  ;Pőe o valor de AL em DL
297D:0215     INT     21     ;Chama interrupçăo do DOS
297D:0217     SUB     AL,30  ;Subtrai 30 de AL
297D:0219     POP     DX     ;Extrai o valor de DX da pilha
297D:021A     RET            ;Retorna o controle ao programa principal
297D:021B     CMP     AL,41  ;Compara AL com 41
297D:021D     JB      0203   ;Salta se CF é ativado ao endereço 0203
297D:021F     MOV     AH,02  ;Funçăo 2 (escreve um caractere na tela)
297D:022      MOV     DL,AL  ;Pőe o valor AL em DL
297D:0223     INT     21     ;Chama interrupçăo do DOS
297D:0225     SUB     AL,37  ;Subtrai 37 de AL
297D:0227     POP     DX     ;Extrai o valor de DX da pilha
297D:0228     RET            ;Retorna o controle ao programa principal

Este programa se mantém lendo caracteres até receber um que possa ser
convertido para um número hexadecimal.


			--------------- // ---------------

7.2.Exemplos de Programas com TASM                         

Nesta seçăo forneceremos a vocę vários exemplos de programas a serem
montados fazendo uso do TASM da Borland.

Procedimento:

Para montá-los, siga os seguintes passos:

Primeiro passo

Montar o programa
Por exemplo:

C:\>tasm one.asm
Turbo Assembler  Version 2.0  Copyright (c) 1988, 1990 Borland International

Assembling file:   one.asm
Error messages:    None
Warning messages:  None
Passes:            1
Remaining memory:  471k

C:\>

Isto criará um programa objeto com o mesmo nome do fonte, neste caso:
one.obj

Segundo passo

Criar o programa executável
Por exemplo:

C:\>tlink one.obj
Turbo Link  Version 3.0 Copyright (c) 1987, 1990 Borland International

C:\>

Isto cria o programa executável com o mesmo nome do objeto e com extensăo
diferente, one.exe

Terceiro passo

Rodar o programa executável. Basta digitar o nome do programa criado.

                                   

Exemplos de Programas Assembly

Primeiro exemplo

;nome do programa: one.asm
;
.model small
.stack
.code
   mov AH,1h       ;Funçăo 1 do DOS
   Int 21h         ;lę o caracter e returna o código ASCII ao registrador AL
   mov DL,AL       ;move o código ASCII para o registrador DL
   sub DL,30h      ;subtrai de 30h para converter a um dígito de 0 a 9
   cmp DL,9h       ;compara se o dígito está entre 0 e 9
   jle digit1      ;se verdadeiro obtém o primeiro número (4 bits)
   sub DL,7h       ;se falso, subtrai de 7h para converter a uma letra A-F
digit1:
   mov CL,4h       ;prepara para multiplicar por 16
   shl DL,CL       ;multiplica para converter dentro dos 4 bits mais altos
   int 21h         ;obtém o próximo caracter
   sub AL,30h      ;repete a operaçăo de conversăo
   cmp AL,9h       ;compara o valor 9h com o conteúdo do registrador AL
   jle digit2      ;se verdadeiro, obtém o segundo dígito
   sub AL,7h       ;se falso, subtrai de 7h
digit2:
   add DL,AL       ;adiciona o segundo dígito
   mov AH,4Ch      ;funçăo 4Ch do DOS (exit)
   Int 21h         ;interrupçăo 21h
   End             ;finaliza o programa

Este programa lę dois caracteres e os imprime na tela

Segundo exemplo

;nome do programa: two.asm
.model small
.stack
.code
PRINT_A_J       PROC
     MOV DL,'A'      ;move o character A para o registrador DL
     MOV CX,10       ;move o valor decimal 10 para o registrador CX
                     ;este valor é usado para fazer laço com 10 interaçőes
PRINT_LOOP:
     CALL WRITE_CHAR ;Imprime o caracter em DL
     INC DL          ;Incrementa o valor do registrador DL
     LOOP PRINT_LOOP ;Laço para imprimir 10 caracteres
     MOV AH,4Ch      ;Funçăo 4Ch, para sair ao DOS
     INT 21h         ;Interrupçăo 21h
PRINT_A_J       ENDP ;Finaliza o procedimento

WRITE_CHAR      PROC
     MOV AH,2h       ;Funçăo 2h, imprime caracter
     INT 21h         ;Imprime o caracter que está em DL
     RET             ;Retorna o controle ao procedimento que chamou
WRITE_CHAR      ENDP ;Finaliza o procedimento
     END  PRINT_A_J  ;Finaliza o programa

Este programa mostra os caracteres ABCDEFGHIJ na tela.

Terceiro exemplo

;nome do programa: three.asm
.model small
.STACK
.code

TEST_WRITE_HEX    PROC
      MOV DL,3Fh      ;Move o valor 3Fh para o registrador DL
      CALL WRITE_HEX  ;Chama a sub-rotina
      MOV AH,4CH      ;Funçăo 4Ch
      INT 21h         ;Retorna o controle ao DOS
TEST_WRITE_HEX ENDP   ;Finaliza o procedimento

      PUBLIC WRITE_HEX
;........................................................;
;Este procedimento converte para hexadecimal o byte      ;
;armazenado no registrador DL e mostra o dígito          ;
;Use:WRITE_HEX_DIGIT                                     ;
;........................................................;

WRITE_HEX    PROC
      PUSH CX        ;coloca na pilha o valor do registrador CX
      PUSH DX        ;coloca na pilha o valor do registrador DX
      MOV DH,DL      ;move o valor do registrador DL para o registrador DH
      MOV CX,4       ;move o valor 4 para o registrador CX
      SHR DL,CL
CALL WRITE_HEX_DIGIT ;mostra na tela o primeiro número hexadecimal
      MOV DL,DH      ;move o valor do registrador DH para o registrador DL
      AND DL,0Fh
CALL WRITE_HEX_DIGIT ;mostra na tela o segundo número hexadecimal
      POP DX         ;retira da pilha o valor do registrador DX
      POP CX         ;retira da pilha o valor do registrador CX
      RET            ;Retorna o controle ao procedimento que chamou
WRITE_HEX  ENDP

      PUBLIC WRITE_HEX_DIGIT
;......................................................................;
;Este procediento converte os 4 bits mais baixos do registrador DL     ;
;para um número hexadecimal e o mostrana tela do computador            ;
;Use: WRITE_CHAR                                                       ;
;......................................................................;

WRITE_HEX_DIGIT    PROC
      PUSH DX               ;coloca na pilha o valor de DX
      CMP DL,10             ;compara se o número de bits é menor do que 10
      JAE HEX_LETTER        ;se năo, salta para HEX_LETER
      ADD DL,"0"            ;se sim, converte para número
      JMP Short WRITE_DIGIT ;escreve o caracter
HEX_LETTER:
      ADD DL,"A"-10         ;converte um caracter para hexadecimal
WRITE_DIGIT:
      CALL WRITE_CHAR       ;imprime o caracter na tela
      POP DX                ;Retorna o valor inicial do registrador DX
                            ;para o registrador DL
      RET                   ;Retorna o controle ao procedimento que chamou
WRITE_HEX_DIGIT   ENDP

      PUBLIC WRITE_CHAR
;......................................................................;
;Este procedimento imprime um caracter na tela usando o D.O.S.         ;
;......................................................................;

WRITE_CHAR   PROC
      PUSH AX       ;Coloca na pilha o valor do registarador AX
      MOV AH,2      ;Funçăo 2h
      INT 21h       ;Interrupçăo 21h
      POP AX        ;Extrai da pilha o valor de AX
      RET           ;Retorna o controle ao procedimento que chamou
WRITE_CHAR   ENDP

      END TEST_WRITE_HEX ;Finaliza o programa

Quarto exemplo

;nome do programa: four.asm
.model small
.stack
.code

TEST_WRITE_DECIMAL    PROC
      MOV DX,12345       ;Move o valor decimal 12345 para o registrador DX
      CALL WRITE_DECIMAL ;Chama o procedimento
      MOV AH,4CH         ;Funçăo 4Ch
      INT 21h            ;Interrupçăo 21h
TEST_WRITE_DECIMAL ENDP  ;Finaliza o procedimento

      PUBLIC WRITE_DECIMAL
;.................................................................;
;Este procedimento escreve um número de 16 bit como um número     ;
;sem sinal em notaçăo decimal                                     ;
;Use: WRITE_HEX_DIGIT                                              ;
;.................................................................;

WRITE_DECIMAL    PROC
      PUSH AX   ;Pőe na pilha o valor do registrador AX
      PUSH CX   ;Pőe na pilha o valor do registrador CX
      PUSH DX   ;Pőe na pilha o valor do registrador DX
      PUSH SI   ;Pőe na pilha o valor do registrador SI
      MOV AX,DX ;move o valor do registrador DX para AX
      MOV SI,10 ;move o valor 10 para o registrador SI
      XOR CX,CX ;zera o registrador CX
NON_ZERO:
      XOR DX,DX ;zera o registrador CX
      DIV SI    ;divizăo entre SI
      PUSH DX   ;Pőe na pilha o valor do registrador DX
      INC CX    ;incrementa CX
      OR AX,AX  ;năo zero
      JNE NON_ZERO  ;salta para NON_ZERO
WRITE_DIGIT_LOOP:
      POP DX    ;Retorna o valor em modo reverso
      CALL WRITE_HEX_DIGIT  ;Chama o procedimento
      LOOP WRITE_DIGIT_LOOP ;loop
END_DECIMAL:
      POP SI    ;retira da pilha o valor do registrador SI
      POP DX    ;retira da pilha o valor do registrador DX
      POP CX    ;retira da pilha o valor do registrador CX
      POP AX    ;retira da pilha o valor do registrador AX
      RET       ;Retorna o controle ao procedimento que chamou
WRITE_DECIMAL   ENDP ;Finaliza o procedimento

      PUBLIC WRITE_HEX_DIGIT
;......................................................................;
;                                                                      ;
;Este procedimento converte os 4 bits mais baixos do registrador DL    ;
;num número hexadecimal e os imprime                                   ;
;Use: WRITE_CHAR                                                       ;
;......................................................................;

WRITE_HEX_DIGIT    PROC
      PUSH DX         ;Pőe na pilha o valor do registrador DX
      CMP DL,10       ;Compara o valor 10 com o valor do registrador DL
      JAE HEX_LETTER  ;se năo, salta para HEX_LETER
      ADD DL,"0"      ;se é, converte em dígito numérico
      JMP Short WRITE_DIGIT ;escreve o caracter
HEX_LETTER:
      ADD DL,"A"-10   ;converte um caracter para um número hexadecimal
WRITE_DIGIT:
      CALL WRITE_CHAR ;mostra o caracter na tela
      POP DX          ;Retorna o valor inicial para o registrador DL
      RET             ;Retorna o controle ao procedimento que chamou
WRITE_HEX_DIGIT   ENDP

      PUBLIC WRITE_CHAR
;......................................................................;
;Este procedimento imprime um caracter na tela usando uma funçăo D.O.S.;
;......................................................................;

WRITE_CHAR   PROC
      PUSH AX   ;Pőe na pilha o valor do registrador AX
      MOV AH,2h ;Funçăo 2h
      INT 21h   ;Interrupçăo 21h
      POP AX    ;Retira da pilha o valor inicial do registrador AX
      RET       ;Retorna o controle ao procedimento que chamou
WRITE_CHAR   ENDP

      END TEST_WRITE_DECIMAL ;finaliza o programa

Este programa mostra na tela os números 12345

Quinto exemplo

;nome do programa: five.asm
.model small
.stack
.code

PRINT_ASCII       PROC
      MOV DL,00h       ;move o valor 00h para o registrador DL
      MOV CX,255       ;move o valor decimal 255 para o registrador CX
                       ;usado para fazer um laço com 255 interaçőes
PRINT_LOOP:
      CALL WRITE_CHAR  ;Chama o procedimento que imprime
      INC DL           ;Incrementa o valor do registrador DL
      LOOP PRINT_LOOP  ;Loop para imprimir 10 caracteres
      MOV AH,4Ch       ;Funçăo 4Ch
      INT 21h          ;Interrupçăo 21h
PRINT_ASCII       ENDP ;Finaliza o procedimento

WRITE_CHAR      PROC
      MOV AH,2h        ;Funçăo 2h para imprimir um caracter
      INT 21h          ;Imprime o caracter que está em DL
      RET              ;Retorna o controle ao procediemento que chamou
WRITE_CHAR      ENDP   ;Finaliza o procedimento

      END  PRINT_ASCII  ;Finaliza o programa

Este programa mostra na tela o valor dos 256 caracteres do código ASCII.



*****************************************************************************

                           CAPÍTULO 8: BIBLIOGRAFIA

Créditos:

Monico Briseńo C., Engenheiro
     Idéia Original
     Desenvolvimento e Implementaçăo da ediçăo 1996

Hugo Eduardo Pérez P.
     Desenvolvimento e Implementaçăo da ediçăo 1995

Víctor Hugo Avila B.
     Versăo Inglesa

Jeferson Botelho do Amaral
     Versăo Portuguesa

Ana María Peraza
     Programadora de Linguagem Assembly

Graciela Salcedo Mancilla
     Programadora Tcl/Tk

Juan Olmos Monroy
     Designer Gráfico

                                   

Referęncias Bibliográficas:

Assembly Language For IBM Microcomputers
     J. Terry Godfrey
     Prentice Hall Hispanoamericana, S.A.
     Mexico

Basic Assembler
     A. Rojas
     Ed Computec Editores S.A. de C.V.
     Mexico

IBM Personal Computer Assembly Language Tutorial
     Joshua Auerbach
     Yale University

Organizaçăo Estruturada de Computadores
     Andrew S. Tanenbaum
     Prentice Hall do Brasil

Guia do Programador para as Placas EGA e VGA
     Richard F. Ferraro
     Ed. Cięncia Moderna

Programando em Assembler 8086/8088
     Jeremias R. D. Pereira dos Santos
     Edison Raymundi Junior
     McGraw-Hill

Assembly IBM PC - Técnicas de Programaçăo
     Alan R. Miller
     EBRAS, Editora Brasileira

Linguagem Assembly para IBM PC
     Peter Norton
     John Socha
     Editora Campus

C - Caixa de Ferramentas
     Carlos Augusto P. Gomes
     Antonio Carlos Barbosa
     Editora Érica

Interrupçőes MS-DOS, ROM-BIOS
     Eurico Soalheiro Brás
     McGraw-Hill

Desenvolvimento de Software Básico
     Leland L. Beck
     Editora Campus

Programaçăo Assembly 80386 - Guia Prático para Programadores
     Ross P. Nelson
     McGraw-Hill
